<?xml version="1.0" encoding="UTF-8"?>
<coverage generated="1733220860837" clover="3.2.0">
  <project timestamp="1733220860837" name="All files">
    <metrics statements="529" coveredstatements="366" conditionals="212" coveredconditionals="112" methods="152" coveredmethods="104" elements="893" coveredelements="582" complexity="0" loc="529" ncloc="529" packages="2" files="5" classes="5"/>
    <package name="src">
      <metrics statements="30" coveredstatements="9" conditionals="18" coveredconditionals="0" methods="11" coveredmethods="0"/>
      <file name="auto-generated.ts" path="/home/greinisch/Projects/w3nest/esm/rx-tree-view/src/auto-generated.ts">
        <metrics statements="28" coveredstatements="7" conditionals="18" coveredconditionals="0" methods="10" coveredmethods="0"/>
        <line num="2" count="1" type="stmt"/>
        <line num="9" count="1" type="stmt"/>
        <line num="21" count="1" type="stmt"/>
        <line num="32" count="1" type="stmt"/>
        <line num="40" count="1" type="stmt"/>
        <line num="42" count="1" type="stmt"/>
        <line num="44" count="0" type="stmt"/>
        <line num="46" count="1" type="stmt"/>
        <line num="62" count="0" type="stmt"/>
        <line num="69" count="0" type="cond" truecount="0" falsecount="2"/>
        <line num="70" count="0" type="cond" truecount="0" falsecount="2"/>
        <line num="71" count="0" type="stmt"/>
        <line num="73" count="0" type="stmt"/>
        <line num="75" count="0" type="stmt"/>
        <line num="80" count="0" type="stmt"/>
        <line num="88" count="0" type="stmt"/>
        <line num="89" count="0" type="cond" truecount="0" falsecount="1"/>
        <line num="90" count="0" type="stmt"/>
        <line num="92" count="0" type="cond" truecount="0" falsecount="2"/>
        <line num="93" count="0" type="stmt"/>
        <line num="97" count="0" type="stmt"/>
        <line num="99" count="0" type="stmt"/>
        <line num="101" count="0" type="stmt"/>
        <line num="106" count="0" type="stmt"/>
        <line num="110" count="0" type="cond" truecount="0" falsecount="3"/>
        <line num="111" count="0" type="stmt"/>
        <line num="113" count="0" type="cond" truecount="0" falsecount="2"/>
        <line num="115" count="0" type="stmt"/>
      </file>
      <file name="index.ts" path="/home/greinisch/Projects/w3nest/esm/rx-tree-view/src/index.ts">
        <metrics statements="2" coveredstatements="2" conditionals="0" coveredconditionals="0" methods="1" coveredmethods="0"/>
        <line num="1" count="1" type="stmt"/>
        <line num="2" count="1" type="stmt"/>
      </file>
    </package>
    <package name="src.lib">
      <metrics statements="499" coveredstatements="357" conditionals="194" coveredconditionals="112" methods="141" coveredmethods="104"/>
      <file name="immutable-tree.view.ts" path="/home/greinisch/Projects/w3nest/esm/rx-tree-view/src/lib/immutable-tree.view.ts">
        <metrics statements="412" coveredstatements="338" conditionals="174" coveredconditionals="112" methods="120" coveredmethods="104"/>
        <line num="1" count="1" type="stmt"/>
        <line num="10" count="1" type="stmt"/>
        <line num="31" count="1" type="stmt"/>
        <line num="43" count="45" type="stmt"/>
        <line num="45" count="45" type="stmt"/>
        <line num="46" count="45" type="stmt"/>
        <line num="50" count="9" type="cond" truecount="2" falsecount="1"/>
        <line num="51" count="0" type="stmt"/>
        <line num="53" count="9" type="stmt"/>
        <line num="57" count="5" type="cond" truecount="0" falsecount="1"/>
        <line num="58" count="0" type="stmt"/>
        <line num="60" count="5" type="cond" truecount="0" falsecount="1"/>
        <line num="61" count="0" type="stmt"/>
        <line num="64" count="5" type="stmt"/>
        <line num="67" count="5" type="stmt"/>
        <line num="68" count="5" type="stmt"/>
        <line num="70" count="5" type="stmt"/>
        <line num="76" count="1" type="stmt"/>
        <line num="80" count="36" type="cond" truecount="1" falsecount="0"/>
        <line num="81" count="18" type="stmt"/>
        <line num="83" count="18" type="cond" truecount="2" falsecount="1"/>
        <line num="84" count="0" type="stmt"/>
        <line num="86" count="18" type="stmt"/>
        <line num="87" count="18" type="stmt"/>
        <line num="88" count="18" type="cond" truecount="1" falsecount="0"/>
        <line num="89" count="18" type="stmt"/>
        <line num="94" count="1" type="stmt"/>
        <line num="98" count="17" type="stmt"/>
        <line num="99" count="17" type="cond" truecount="0" falsecount="1"/>
        <line num="100" count="0" type="stmt"/>
        <line num="102" count="17" type="stmt"/>
        <line num="114" count="1" type="stmt"/>
        <line num="116" count="9" type="stmt"/>
        <line num="117" count="9" type="cond" truecount="1" falsecount="0"/>
        <line num="125" count="1" type="stmt"/>
        <line num="129" count="5" type="stmt"/>
        <line num="130" count="5" type="stmt"/>
        <line num="131" count="5" type="cond" truecount="1" falsecount="0"/>
        <line num="137" count="5" type="cond" truecount="1" falsecount="0"/>
        <line num="139" count="2" type="stmt"/>
        <line num="148" count="1" type="stmt"/>
        <line num="152" count="2" type="stmt"/>
        <line num="156" count="2" type="stmt"/>
        <line num="157" count="2" type="cond" truecount="1" falsecount="0"/>
        <line num="163" count="2" type="cond" truecount="1" falsecount="0"/>
        <line num="165" count="1" type="stmt"/>
        <line num="174" count="1" type="stmt"/>
        <line num="178" count="3" type="stmt"/>
        <line num="179" count="3" type="stmt"/>
        <line num="180" count="3" type="cond" truecount="1" falsecount="0"/>
        <line num="184" count="1" type="stmt"/>
        <line num="188" count="1" type="stmt"/>
        <line num="192" count="5" type="stmt"/>
        <line num="193" count="5" type="stmt"/>
        <line num="194" count="5" type="cond" truecount="1" falsecount="0"/>
        <line num="200" count="2" type="cond" truecount="1" falsecount="0"/>
        <line num="202" count="2" type="stmt"/>
        <line num="211" count="1" type="stmt"/>
        <line num="215" count="2" type="stmt"/>
        <line num="216" count="2" type="stmt"/>
        <line num="220" count="2" type="cond" truecount="1" falsecount="0"/>
        <line num="226" count="2" type="cond" truecount="1" falsecount="0"/>
        <line num="228" count="1" type="stmt"/>
        <line num="237" count="1" type="stmt"/>
        <line num="241" count="3" type="stmt"/>
        <line num="242" count="3" type="stmt"/>
        <line num="243" count="3" type="cond" truecount="1" falsecount="0"/>
        <line num="249" count="2" type="cond" truecount="1" falsecount="0"/>
        <line num="251" count="1" type="stmt"/>
        <line num="260" count="1" type="stmt"/>
        <line num="264" count="18" type="stmt"/>
        <line num="265" count="18" type="stmt"/>
        <line num="266" count="18" type="stmt"/>
        <line num="267" count="18" type="stmt"/>
        <line num="269" count="18" type="stmt"/>
        <line num="270" count="10" type="stmt"/>
        <line num="275" count="1" type="stmt"/>
        <line num="276" count="6" type="stmt"/>
        <line num="277" count="6" type="stmt"/>
        <line num="278" count="6" type="stmt"/>
        <line num="282" count="6" type="stmt"/>
        <line num="283" count="6" type="stmt"/>
        <line num="284" count="6" type="stmt"/>
        <line num="285" count="6" type="stmt"/>
        <line num="286" count="6" type="stmt"/>
        <line num="302" count="6" type="cond" truecount="2" falsecount="0"/>
        <line num="304" count="6" type="cond" truecount="2" falsecount="0"/>
        <line num="306" count="6" type="stmt"/>
        <line num="311" count="6" type="stmt"/>
        <line num="313" count="32" type="stmt"/>
        <line num="314" count="32" type="stmt"/>
        <line num="316" count="32" type="stmt"/>
        <line num="317" count="32" type="cond" truecount="1" falsecount="0"/>
        <line num="318" count="18" type="cond" truecount="0" falsecount="1"/>
        <line num="319" count="0" type="stmt"/>
        <line num="324" count="18" type="stmt"/>
        <line num="325" count="18" type="stmt"/>
        <line num="326" count="18" type="stmt"/>
        <line num="328" count="14" type="stmt"/>
        <line num="331" count="6" type="stmt"/>
        <line num="335" count="6" type="stmt"/>
        <line num="336" count="6" type="stmt"/>
        <line num="337" count="6" type="stmt"/>
        <line num="338" count="6" type="stmt"/>
        <line num="339" count="6" type="stmt"/>
        <line num="340" count="6" type="stmt"/>
        <line num="346" count="6" type="stmt"/>
        <line num="348" count="6" type="cond" truecount="1" falsecount="0"/>
        <line num="349" count="6" type="stmt"/>
        <line num="354" count="3" type="stmt"/>
        <line num="358" count="3" type="stmt"/>
        <line num="365" count="3" type="cond" truecount="2" falsecount="0"/>
        <line num="366" count="3" type="stmt"/>
        <line num="367" count="3" type="cond" truecount="1" falsecount="0"/>
        <line num="368" count="1" type="stmt"/>
        <line num="370" count="2" type="stmt"/>
        <line num="377" count="40" type="cond" truecount="0" falsecount="1"/>
        <line num="378" count="0" type="stmt"/>
        <line num="381" count="40" type="cond" truecount="1" falsecount="0"/>
        <line num="382" count="35" type="stmt"/>
        <line num="383" count="35" type="stmt"/>
        <line num="384" count="35" type="stmt"/>
        <line num="386" count="5" type="stmt"/>
        <line num="387" count="5" type="stmt"/>
        <line num="389" count="5" type="stmt"/>
        <line num="390" count="3" type="stmt"/>
        <line num="392" count="5" type="stmt"/>
        <line num="393" count="5" type="stmt"/>
        <line num="399" count="73" type="stmt"/>
        <line num="400" count="73" type="cond" truecount="1" falsecount="0"/>
        <line num="401" count="14" type="stmt"/>
        <line num="402" count="14" type="stmt"/>
        <line num="403" count="14" type="stmt"/>
        <line num="405" count="59" type="stmt"/>
        <line num="409" count="7" type="cond" truecount="0" falsecount="1"/>
        <line num="410" count="0" type="stmt"/>
        <line num="412" count="7" type="stmt"/>
        <line num="416" count="7" type="cond" truecount="0" falsecount="1"/>
        <line num="417" count="0" type="stmt"/>
        <line num="419" count="7" type="stmt"/>
        <line num="423" count="25" type="cond" truecount="1" falsecount="0"/>
        <line num="424" count="3" type="stmt"/>
        <line num="427" count="22" type="cond" truecount="2" falsecount="0"/>
        <line num="429" count="22" type="cond" truecount="2" falsecount="1"/>
        <line num="430" count="0" type="stmt"/>
        <line num="432" count="22" type="stmt"/>
        <line num="436" count="6" type="stmt"/>
        <line num="437" count="6" type="cond" truecount="0" falsecount="1"/>
        <line num="438" count="0" type="stmt"/>
        <line num="440" count="6" type="stmt"/>
        <line num="447" count="2" type="cond" truecount="1" falsecount="0"/>
        <line num="450" count="4" type="stmt"/>
        <line num="455" count="3" type="stmt"/>
        <line num="461" count="3" type="stmt"/>
        <line num="463" count="3" type="cond" truecount="1" falsecount="0"/>
        <line num="464" count="3" type="stmt"/>
        <line num="467" count="3" type="stmt"/>
        <line num="474" count="0" type="cond" truecount="0" falsecount="1"/>
        <line num="477" count="1" type="stmt"/>
        <line num="482" count="1" type="stmt"/>
        <line num="495" count="1" type="stmt"/>
        <line num="497" count="1" type="cond" truecount="1" falsecount="0"/>
        <line num="498" count="1" type="stmt"/>
        <line num="501" count="1" type="stmt"/>
        <line num="507" count="0" type="cond" truecount="0" falsecount="1"/>
        <line num="510" count="6" type="cond" truecount="2" falsecount="0"/>
        <line num="514" count="6" type="cond" truecount="1" falsecount="0"/>
        <line num="515" count="1" type="stmt"/>
        <line num="518" count="5" type="cond" truecount="2" falsecount="1"/>
        <line num="519" count="0" type="stmt"/>
        <line num="524" count="5" type="stmt"/>
        <line num="528" count="5" type="stmt"/>
        <line num="529" count="4" type="stmt"/>
        <line num="531" count="5" type="cond" truecount="2" falsecount="0"/>
        <line num="532" count="5" type="stmt"/>
        <line num="534" count="5" type="stmt"/>
        <line num="539" count="5" type="stmt"/>
        <line num="540" count="8" type="stmt"/>
        <line num="542" count="5" type="stmt"/>
        <line num="547" count="5" type="stmt"/>
        <line num="558" count="3" type="cond" truecount="0" falsecount="1"/>
        <line num="559" count="0" type="stmt"/>
        <line num="561" count="3" type="stmt"/>
        <line num="563" count="2" type="stmt"/>
        <line num="569" count="2" type="stmt"/>
        <line num="571" count="2" type="cond" truecount="1" falsecount="0"/>
        <line num="572" count="2" type="stmt"/>
        <line num="575" count="2" type="stmt"/>
        <line num="579" count="4" type="cond" truecount="2" falsecount="0"/>
        <line num="581" count="4" type="cond" truecount="1" falsecount="0"/>
        <line num="582" count="1" type="stmt"/>
        <line num="585" count="3" type="stmt"/>
        <line num="587" count="3" type="cond" truecount="0" falsecount="1"/>
        <line num="588" count="0" type="stmt"/>
        <line num="591" count="3" type="cond" truecount="2" falsecount="1"/>
        <line num="592" count="0" type="stmt"/>
        <line num="596" count="3" type="stmt"/>
        <line num="597" count="6" type="stmt"/>
        <line num="599" count="3" type="stmt"/>
        <line num="606" count="3" type="stmt"/>
        <line num="607" count="3" type="stmt"/>
        <line num="608" count="3" type="stmt"/>
        <line num="610" count="3" type="cond" truecount="1" falsecount="0"/>
        <line num="611" count="1" type="stmt"/>
        <line num="614" count="3" type="stmt"/>
        <line num="617" count="0" type="stmt"/>
        <line num="619" count="3" type="stmt"/>
        <line num="626" count="1" type="cond" truecount="1" falsecount="0"/>
        <line num="629" count="4" type="cond" truecount="1" falsecount="1"/>
        <line num="631" count="4" type="cond" truecount="1" falsecount="0"/>
        <line num="632" count="1" type="stmt"/>
        <line num="635" count="3" type="cond" truecount="0" falsecount="1"/>
        <line num="636" count="0" type="stmt"/>
        <line num="637" count="0" type="stmt"/>
        <line num="641" count="3" type="stmt"/>
        <line num="646" count="3" type="stmt"/>
        <line num="652" count="3" type="stmt"/>
        <line num="654" count="3" type="cond" truecount="1" falsecount="0"/>
        <line num="655" count="3" type="stmt"/>
        <line num="658" count="3" type="stmt"/>
        <line num="680" count="0" type="cond" truecount="0" falsecount="1"/>
        <line num="683" count="1" type="cond" truecount="1" falsecount="1"/>
        <line num="684" count="1" type="cond" truecount="0" falsecount="1"/>
        <line num="685" count="0" type="stmt"/>
        <line num="687" count="1" type="stmt"/>
        <line num="689" count="1" type="cond" truecount="1" falsecount="1"/>
        <line num="693" count="1" type="cond" truecount="0" falsecount="1"/>
        <line num="694" count="0" type="stmt"/>
        <line num="697" count="1" type="cond" truecount="1" falsecount="1"/>
        <line num="701" count="1" type="cond" truecount="0" falsecount="1"/>
        <line num="702" count="0" type="stmt"/>
        <line num="704" count="1" type="cond" truecount="1" falsecount="1"/>
        <line num="705" count="0" type="stmt"/>
        <line num="707" count="0" type="stmt"/>
        <line num="709" count="0" type="stmt"/>
        <line num="715" count="1" type="stmt"/>
        <line num="722" count="1" type="stmt"/>
        <line num="735" count="1" type="stmt"/>
        <line num="737" count="1" type="cond" truecount="1" falsecount="0"/>
        <line num="738" count="1" type="stmt"/>
        <line num="741" count="1" type="stmt"/>
        <line num="748" count="2" type="cond" truecount="1" falsecount="0"/>
        <line num="751" count="3" type="cond" truecount="1" falsecount="1"/>
        <line num="753" count="3" type="cond" truecount="1" falsecount="0"/>
        <line num="754" count="1" type="stmt"/>
        <line num="757" count="2" type="stmt"/>
        <line num="762" count="2" type="stmt"/>
        <line num="763" count="2" type="stmt"/>
        <line num="764" count="2" type="stmt"/>
        <line num="769" count="2" type="stmt"/>
        <line num="775" count="2" type="stmt"/>
        <line num="777" count="2" type="cond" truecount="1" falsecount="0"/>
        <line num="778" count="2" type="stmt"/>
        <line num="781" count="2" type="stmt"/>
        <line num="785" count="18" type="stmt"/>
        <line num="786" count="18" type="stmt"/>
        <line num="787" count="18" type="stmt"/>
        <line num="791" count="1" type="stmt"/>
        <line num="792" count="3" type="stmt"/>
        <line num="798" count="3" type="stmt"/>
        <line num="801" count="3" type="cond" truecount="1" falsecount="0"/>
        <line num="802" count="1" type="stmt"/>
        <line num="804" count="2" type="stmt"/>
        <line num="805" count="2" type="stmt"/>
        <line num="806" count="2" type="stmt"/>
        <line num="809" count="2" type="stmt"/>
        <line num="820" count="1" type="stmt"/>
        <line num="821" count="3" type="stmt"/>
        <line num="823" count="1" type="stmt"/>
        <line num="832" count="0" type="cond" truecount="0" falsecount="1"/>
        <line num="834" count="19" type="stmt"/>
        <line num="835" count="19" type="cond" truecount="1" falsecount="0"/>
        <line num="836" count="13" type="stmt"/>
        <line num="839" count="6" type="cond" truecount="2" falsecount="1"/>
        <line num="840" count="0" type="stmt"/>
        <line num="844" count="6" type="stmt"/>
        <line num="845" count="6" type="cond" truecount="1" falsecount="1"/>
        <line num="848" count="6" type="stmt"/>
        <line num="855" count="6" type="stmt"/>
        <line num="857" count="6" type="cond" truecount="1" falsecount="0"/>
        <line num="858" count="4" type="stmt"/>
        <line num="859" count="4" type="stmt"/>
        <line num="863" count="6" type="stmt"/>
        <line num="871" count="25" type="stmt"/>
        <line num="872" count="25" type="cond" truecount="3" falsecount="0"/>
        <line num="873" count="9" type="stmt"/>
        <line num="874" count="8" type="stmt"/>
        <line num="880" count="0" type="stmt"/>
        <line num="883" count="0" type="stmt"/>
        <line num="886" count="0" type="stmt"/>
        <line num="887" count="0" type="stmt"/>
        <line num="888" count="0" type="stmt"/>
        <line num="889" count="0" type="stmt"/>
        <line num="892" count="0" type="stmt"/>
        <line num="895" count="0" type="stmt"/>
        <line num="898" count="0" type="stmt"/>
        <line num="899" count="0" type="stmt"/>
        <line num="901" count="0" type="stmt"/>
        <line num="906" count="0" type="stmt"/>
        <line num="940" count="1" type="stmt"/>
        <line num="941" count="1" type="stmt"/>
        <line num="944" count="77" type="stmt"/>
        <line num="952" count="4" type="stmt"/>
        <line num="955" count="4" type="stmt"/>
        <line num="959" count="4" type="stmt"/>
        <line num="960" count="4" type="stmt"/>
        <line num="961" count="4" type="stmt"/>
        <line num="969" count="4" type="stmt"/>
        <line num="970" count="0" type="stmt"/>
        <line num="986" count="4" type="stmt"/>
        <line num="987" count="4" type="stmt"/>
        <line num="988" count="4" type="stmt"/>
        <line num="990" count="0" type="stmt"/>
        <line num="993" count="4" type="stmt"/>
        <line num="994" count="4" type="stmt"/>
        <line num="995" count="4" type="stmt"/>
        <line num="997" count="4" type="stmt"/>
        <line num="1000" count="11" type="stmt"/>
        <line num="1001" count="11" type="cond" truecount="0" falsecount="1"/>
        <line num="1002" count="0" type="stmt"/>
        <line num="1004" count="11" type="stmt"/>
        <line num="1005" count="11" type="stmt"/>
        <line num="1007" count="11" type="stmt"/>
        <line num="1010" count="4" type="stmt"/>
        <line num="1011" count="4" type="cond" truecount="1" falsecount="0"/>
        <line num="1012" count="4" type="stmt"/>
        <line num="1013" count="4" type="stmt"/>
        <line num="1015" count="0" type="stmt"/>
        <line num="1023" count="11" type="stmt"/>
        <line num="1025" count="4" type="stmt"/>
        <line num="1026" count="4" type="cond" truecount="1" falsecount="0"/>
        <line num="1027" count="1" type="stmt"/>
        <line num="1028" count="1" type="stmt"/>
        <line num="1030" count="1" type="stmt"/>
        <line num="1032" count="3" type="stmt"/>
        <line num="1042" count="27" type="stmt"/>
        <line num="1043" count="27" type="stmt"/>
        <line num="1044" count="54" type="stmt"/>
        <line num="1046" count="54" type="cond" truecount="1" falsecount="0"/>
        <line num="1047" count="38" type="stmt"/>
        <line num="1049" count="54" type="stmt"/>
        <line num="1052" count="27" type="stmt"/>
        <line num="1053" count="27" type="cond" truecount="0" falsecount="1"/>
        <line num="1054" count="0" type="stmt"/>
        <line num="1057" count="27" type="stmt"/>
        <line num="1075" count="27" type="stmt"/>
        <line num="1076" count="27" type="stmt"/>
        <line num="1078" count="27" type="stmt"/>
        <line num="1081" count="23" type="cond" truecount="2" falsecount="0"/>
        <line num="1084" count="50" type="stmt"/>
        <line num="1088" count="27" type="stmt"/>
        <line num="1097" count="1" type="stmt"/>
        <line num="1098" count="1" type="stmt"/>
        <line num="1099" count="1" type="stmt"/>
        <line num="1105" count="2" type="stmt"/>
        <line num="1106" count="2" type="cond" truecount="1" falsecount="0"/>
        <line num="1107" count="2" type="stmt"/>
        <line num="1111" count="27" type="stmt"/>
        <line num="1113" count="23" type="cond" truecount="1" falsecount="0"/>
        <line num="1114" count="3" type="stmt"/>
        <line num="1115" count="0" type="stmt"/>
        <line num="1125" count="27" type="stmt"/>
        <line num="1126" count="27" type="stmt"/>
        <line num="1127" count="27" type="stmt"/>
        <line num="1145" count="27" type="stmt"/>
        <line num="1147" count="27" type="cond" truecount="2" falsecount="0"/>
        <line num="1154" count="34" type="cond" truecount="1" falsecount="0"/>
        <line num="1155" count="19" type="stmt"/>
        <line num="1157" count="15" type="stmt"/>
        <line num="1159" count="34" type="stmt"/>
        <line num="1162" count="2" type="stmt"/>
        <line num="1163" count="2" type="stmt"/>
        <line num="1169" count="54" type="stmt"/>
        <line num="1178" count="27" type="stmt"/>
        <line num="1179" count="27" type="stmt"/>
        <line num="1182" count="17" type="stmt"/>
        <line num="1184" count="16" type="stmt"/>
        <line num="1189" count="16" type="stmt"/>
        <line num="1190" count="17" type="stmt"/>
        <line num="1192" count="17" type="stmt"/>
        <line num="1197" count="20" type="cond" truecount="2" falsecount="0"/>
        <line num="1201" count="16" type="stmt"/>
        <line num="1202" count="31" type="cond" truecount="1" falsecount="1"/>
        <line num="1210" count="16" type="stmt"/>
        <line num="1219" count="48" type="stmt"/>
        <line num="1226" count="0" type="cond" truecount="0" falsecount="1"/>
        <line num="1227" count="0" type="stmt"/>
        <line num="1229" count="0" type="stmt"/>
        <line num="1230" count="0" type="cond" truecount="0" falsecount="1"/>
        <line num="1231" count="0" type="stmt"/>
        <line num="1233" count="0" type="cond" truecount="0" falsecount="1"/>
        <line num="1237" count="0" type="stmt"/>
        <line num="1239" count="0" type="stmt"/>
        <line num="1240" count="0" type="stmt"/>
        <line num="1241" count="0" type="cond" truecount="0" falsecount="2"/>
        <line num="1242" count="0" type="stmt"/>
        <line num="1243" count="0" type="stmt"/>
        <line num="1245" count="0" type="stmt"/>
        <line num="1246" count="0" type="stmt"/>
        <line num="1260" count="0" type="stmt"/>
        <line num="1262" count="0" type="stmt"/>
        <line num="1263" count="0" type="stmt"/>
        <line num="1264" count="0" type="cond" truecount="0" falsecount="3"/>
        <line num="1265" count="0" type="stmt"/>
        <line num="1267" count="0" type="stmt"/>
        <line num="1270" count="0" type="stmt"/>
        <line num="1274" count="0" type="stmt"/>
        <line num="1275" count="0" type="cond" truecount="0" falsecount="2"/>
        <line num="1276" count="0" type="cond" truecount="0" falsecount="2"/>
        <line num="1277" count="0" type="cond" truecount="0" falsecount="2"/>
        <line num="1278" count="0" type="cond" truecount="0" falsecount="2"/>
        <line num="1280" count="0" type="cond" truecount="0" falsecount="2"/>
      </file>
      <file name="index.ts" path="/home/greinisch/Projects/w3nest/esm/rx-tree-view/src/lib/index.ts">
        <metrics statements="2" coveredstatements="2" conditionals="0" coveredconditionals="0" methods="0" coveredmethods="0"/>
        <line num="1" count="1" type="stmt"/>
        <line num="2" count="1" type="stmt"/>
      </file>
      <file name="object-js.view.ts" path="/home/greinisch/Projects/w3nest/esm/rx-tree-view/src/lib/object-js.view.ts">
        <metrics statements="85" coveredstatements="17" conditionals="20" coveredconditionals="0" methods="21" coveredmethods="0"/>
        <line num="1" count="1" type="stmt"/>
        <line num="2" count="1" type="stmt"/>
        <line num="12" count="0" type="cond" truecount="0" falsecount="1"/>
        <line num="13" count="0" type="stmt"/>
        <line num="16" count="0" type="cond" truecount="0" falsecount="1"/>
        <line num="17" count="0" type="stmt"/>
        <line num="20" count="0" type="cond" truecount="0" falsecount="1"/>
        <line num="21" count="0" type="stmt"/>
        <line num="24" count="0" type="cond" truecount="0" falsecount="1"/>
        <line num="25" count="0" type="stmt"/>
        <line num="28" count="0" type="cond" truecount="0" falsecount="1"/>
        <line num="29" count="0" type="stmt"/>
        <line num="32" count="0" type="cond" truecount="0" falsecount="1"/>
        <line num="33" count="0" type="stmt"/>
        <line num="36" count="0" type="cond" truecount="0" falsecount="1"/>
        <line num="37" count="0" type="stmt"/>
        <line num="40" count="0" type="cond" truecount="0" falsecount="1"/>
        <line num="41" count="0" type="stmt"/>
        <line num="44" count="0" type="stmt"/>
        <line num="47" count="1" type="stmt"/>
        <line num="65" count="0" type="cond" truecount="0" falsecount="2"/>
        <line num="66" count="0" type="stmt"/>
        <line num="67" count="0" type="stmt"/>
        <line num="68" count="0" type="stmt"/>
        <line num="72" count="1" type="stmt"/>
        <line num="82" count="0" type="stmt"/>
        <line num="86" count="1" type="stmt"/>
        <line num="96" count="0" type="stmt"/>
        <line num="100" count="1" type="stmt"/>
        <line num="117" count="0" type="stmt"/>
        <line num="118" count="0" type="stmt"/>
        <line num="122" count="1" type="stmt"/>
        <line num="134" count="0" type="stmt"/>
        <line num="138" count="1" type="stmt"/>
        <line num="150" count="0" type="stmt"/>
        <line num="154" count="1" type="stmt"/>
        <line num="166" count="0" type="stmt"/>
        <line num="170" count="1" type="stmt"/>
        <line num="182" count="0" type="stmt"/>
        <line num="186" count="1" type="stmt"/>
        <line num="202" count="0" type="stmt"/>
        <line num="203" count="0" type="stmt"/>
        <line num="207" count="1" type="stmt"/>
        <line num="209" count="0" type="stmt"/>
        <line num="210" count="0" type="stmt"/>
        <line num="211" count="0" type="stmt"/>
        <line num="213" count="0" type="stmt"/>
        <line num="214" count="0" type="stmt"/>
        <line num="216" count="0" type="stmt"/>
        <line num="219" count="0" type="stmt"/>
        <line num="226" count="0" type="stmt"/>
        <line num="231" count="0" type="stmt"/>
        <line num="247" count="0" type="stmt"/>
        <line num="250" count="0" type="stmt"/>
        <line num="254" count="0" type="stmt"/>
        <line num="258" count="1" type="stmt"/>
        <line num="272" count="0" type="stmt"/>
        <line num="277" count="0" type="stmt"/>
        <line num="278" count="0" type="stmt"/>
        <line num="285" count="0" type="stmt"/>
        <line num="289" count="1" type="stmt"/>
        <line num="302" count="0" type="stmt"/>
        <line num="316" count="1" type="stmt"/>
        <line num="317" count="1" type="stmt"/>
        <line num="323" count="0" type="cond" truecount="0" falsecount="2"/>
        <line num="334" count="0" type="stmt"/>
        <line num="344" count="1" type="stmt"/>
        <line num="348" count="0" type="cond" truecount="0" falsecount="1"/>
        <line num="349" count="0" type="stmt"/>
        <line num="355" count="0" type="stmt"/>
        <line num="356" count="0" type="cond" truecount="0" falsecount="1"/>
        <line num="357" count="0" type="stmt"/>
        <line num="358" count="0" type="cond" truecount="0" falsecount="1"/>
        <line num="359" count="0" type="stmt"/>
        <line num="363" count="0" type="cond" truecount="0" falsecount="1"/>
        <line num="364" count="0" type="stmt"/>
        <line num="367" count="0" type="cond" truecount="0" falsecount="1"/>
        <line num="368" count="0" type="stmt"/>
        <line num="371" count="0" type="cond" truecount="0" falsecount="1"/>
        <line num="372" count="0" type="stmt"/>
        <line num="375" count="0" type="cond" truecount="0" falsecount="1"/>
        <line num="376" count="0" type="stmt"/>
        <line num="379" count="0" type="cond" truecount="0" falsecount="1"/>
        <line num="380" count="0" type="stmt"/>
        <line num="383" count="0" type="stmt"/>
      </file>
    </package>
  </project>
</coverage>
