{"/home/greinisch/Projects/w3nest/esm/rx-tree-view/src/auto-generated.ts": {"path":"/home/greinisch/Projects/w3nest/esm/rx-tree-view/src/auto-generated.ts","statementMap":{"0":{"start":{"line":2,"column":28},"end":{"line":8,"column":null}},"1":{"start":{"line":9,"column":18},"end":{"line":20,"column":null}},"2":{"start":{"line":21,"column":24},"end":{"line":30,"column":null}},"3":{"start":{"line":32,"column":66},"end":{"line":38,"column":null}},"4":{"start":{"line":40,"column":100},"end":{"line":40,"column":102}},"5":{"start":{"line":42,"column":16},"end":{"line":45,"column":null}},"6":{"start":{"line":44,"column":59},"end":{"line":44,"column":116}},"7":{"start":{"line":46,"column":13},"end":{"line":117,"column":null}},"8":{"start":{"line":62,"column":8},"end":{"line":62,"column":null}},"9":{"start":{"line":69,"column":27},"end":{"line":69,"column":50}},"10":{"start":{"line":70,"column":24},"end":{"line":70,"column":48}},"11":{"start":{"line":71,"column":24},"end":{"line":74,"column":null}},"12":{"start":{"line":73,"column":52},"end":{"line":73,"column":94}},"13":{"start":{"line":75,"column":8},"end":{"line":81,"column":null}},"14":{"start":{"line":80,"column":12},"end":{"line":80,"column":null}},"15":{"start":{"line":88,"column":22},"end":{"line":88,"column":44}},"16":{"start":{"line":89,"column":8},"end":{"line":91,"column":9}},"17":{"start":{"line":90,"column":12},"end":{"line":90,"column":null}},"18":{"start":{"line":92,"column":27},"end":{"line":92,"column":50}},"19":{"start":{"line":93,"column":24},"end":{"line":96,"column":null}},"20":{"start":{"line":97,"column":24},"end":{"line":100,"column":null}},"21":{"start":{"line":99,"column":48},"end":{"line":99,"column":90}},"22":{"start":{"line":101,"column":8},"end":{"line":107,"column":null}},"23":{"start":{"line":106,"column":12},"end":{"line":106,"column":null}},"24":{"start":{"line":110,"column":8},"end":{"line":112,"column":9}},"25":{"start":{"line":111,"column":12},"end":{"line":111,"column":null}},"26":{"start":{"line":113,"column":21},"end":{"line":113,"column":96}},"27":{"start":{"line":115,"column":8},"end":{"line":115,"column":null}},"28":{"start":{"line":115,"column":30},"end":{"line":115,"column":72}}},"fnMap":{"0":{"name":"(anonymous_0)","decl":{"start":{"line":44,"column":47},"end":{"line":44,"column":48}},"loc":{"start":{"line":44,"column":59},"end":{"line":44,"column":116}}},"1":{"name":"(anonymous_1)","decl":{"start":{"line":61,"column":33},"end":{"line":61,"column":34}},"loc":{"start":{"line":61,"column":51},"end":{"line":63,"column":5}}},"2":{"name":"(anonymous_2)","decl":{"start":{"line":65,"column":23},"end":{"line":65,"column":24}},"loc":{"start":{"line":68,"column":9},"end":{"line":82,"column":5}}},"3":{"name":"(anonymous_3)","decl":{"start":{"line":73,"column":47},"end":{"line":73,"column":48}},"loc":{"start":{"line":73,"column":52},"end":{"line":73,"column":94}}},"4":{"name":"(anonymous_4)","decl":{"start":{"line":79,"column":16},"end":{"line":79,"column":19}},"loc":{"start":{"line":79,"column":21},"end":{"line":81,"column":9}}},"5":{"name":"(anonymous_5)","decl":{"start":{"line":83,"column":28},"end":{"line":83,"column":29}},"loc":{"start":{"line":87,"column":9},"end":{"line":108,"column":5}}},"6":{"name":"(anonymous_6)","decl":{"start":{"line":99,"column":43},"end":{"line":99,"column":44}},"loc":{"start":{"line":99,"column":48},"end":{"line":99,"column":90}}},"7":{"name":"(anonymous_7)","decl":{"start":{"line":105,"column":16},"end":{"line":105,"column":19}},"loc":{"start":{"line":105,"column":21},"end":{"line":107,"column":9}}},"8":{"name":"(anonymous_8)","decl":{"start":{"line":109,"column":4},"end":{"line":109,"column":22}},"loc":{"start":{"line":109,"column":36},"end":{"line":116,"column":5}}},"9":{"name":"(anonymous_9)","decl":{"start":{"line":115,"column":25},"end":{"line":115,"column":26}},"loc":{"start":{"line":115,"column":30},"end":{"line":115,"column":72}}}},"branchMap":{"0":{"loc":{"start":{"line":69,"column":27},"end":{"line":69,"column":50}},"type":"binary-expr","locations":[{"start":{"line":69,"column":27},"end":{"line":69,"column":44}},{"start":{"line":69,"column":48},"end":{"line":69,"column":50}}]},"1":{"loc":{"start":{"line":70,"column":24},"end":{"line":70,"column":48}},"type":"binary-expr","locations":[{"start":{"line":70,"column":24},"end":{"line":70,"column":42}},{"start":{"line":70,"column":46},"end":{"line":70,"column":48}}]},"2":{"loc":{"start":{"line":72,"column":16},"end":{"line":72,"column":40}},"type":"binary-expr","locations":[{"start":{"line":72,"column":16},"end":{"line":72,"column":34}},{"start":{"line":72,"column":38},"end":{"line":72,"column":40}}]},"3":{"loc":{"start":{"line":89,"column":8},"end":{"line":91,"column":9}},"type":"if","locations":[{"start":{"line":89,"column":8},"end":{"line":91,"column":9}}]},"4":{"loc":{"start":{"line":92,"column":27},"end":{"line":92,"column":50}},"type":"binary-expr","locations":[{"start":{"line":92,"column":27},"end":{"line":92,"column":44}},{"start":{"line":92,"column":48},"end":{"line":92,"column":50}}]},"5":{"loc":{"start":{"line":94,"column":16},"end":{"line":94,"column":40}},"type":"binary-expr","locations":[{"start":{"line":94,"column":16},"end":{"line":94,"column":34}},{"start":{"line":94,"column":38},"end":{"line":94,"column":40}}]},"6":{"loc":{"start":{"line":98,"column":16},"end":{"line":98,"column":40}},"type":"binary-expr","locations":[{"start":{"line":98,"column":16},"end":{"line":98,"column":34}},{"start":{"line":98,"column":38},"end":{"line":98,"column":40}}]},"7":{"loc":{"start":{"line":110,"column":8},"end":{"line":112,"column":9}},"type":"if","locations":[{"start":{"line":110,"column":8},"end":{"line":112,"column":9}}]},"8":{"loc":{"start":{"line":110,"column":11},"end":{"line":110,"column":42}},"type":"binary-expr","locations":[{"start":{"line":110,"column":11},"end":{"line":110,"column":15}},{"start":{"line":110,"column":19},"end":{"line":110,"column":42}}]},"9":{"loc":{"start":{"line":113,"column":21},"end":{"line":113,"column":96}},"type":"cond-expr","locations":[{"start":{"line":113,"column":28},"end":{"line":113,"column":67}},{"start":{"line":113,"column":70},"end":{"line":113,"column":96}}]}},"s":{"0":1,"1":1,"2":1,"3":1,"4":1,"5":1,"6":0,"7":1,"8":0,"9":0,"10":0,"11":0,"12":0,"13":0,"14":0,"15":0,"16":0,"17":0,"18":0,"19":0,"20":0,"21":0,"22":0,"23":0,"24":0,"25":0,"26":0,"27":0,"28":0},"f":{"0":0,"1":0,"2":0,"3":0,"4":0,"5":0,"6":0,"7":0,"8":0,"9":0},"b":{"0":[0,0],"1":[0,0],"2":[0,0],"3":[0],"4":[0,0],"5":[0,0],"6":[0,0],"7":[0],"8":[0,0],"9":[0,0]}}
,"/home/greinisch/Projects/w3nest/esm/rx-tree-view/src/index.ts": {"path":"/home/greinisch/Projects/w3nest/esm/rx-tree-view/src/index.ts","statementMap":{"0":{"start":{"line":1,"column":0},"end":{"line":1,"column":21}},"1":{"start":{"line":2,"column":0},"end":{"line":2,"column":9}},"2":{"start":{"line":2,"column":9},"end":{"line":2,"column":40}}},"fnMap":{"0":{"name":"(anonymous_0)","decl":{"start":{"line":2,"column":9},"end":{"line":2,"column":14}},"loc":{"start":{"line":2,"column":9},"end":{"line":2,"column":40}}}},"branchMap":{},"s":{"0":1,"1":1,"2":1},"f":{"0":0},"b":{}}
,"/home/greinisch/Projects/w3nest/esm/rx-tree-view/src/lib/immutable-tree.view.ts": {"path":"/home/greinisch/Projects/w3nest/esm/rx-tree-view/src/lib/immutable-tree.view.ts","statementMap":{"0":{"start":{"line":76,"column":0},"end":{"line":76,"column":16}},"1":{"start":{"line":94,"column":0},"end":{"line":94,"column":16}},"2":{"start":{"line":1,"column":0},"end":{"line":1,"column":null}},"3":{"start":{"line":10,"column":0},"end":{"line":10,"column":null}},"4":{"start":{"line":43,"column":8},"end":{"line":43,"column":null}},"5":{"start":{"line":45,"column":8},"end":{"line":45,"column":null}},"6":{"start":{"line":46,"column":8},"end":{"line":46,"column":null}},"7":{"start":{"line":50,"column":8},"end":{"line":52,"column":9}},"8":{"start":{"line":51,"column":12},"end":{"line":51,"column":null}},"9":{"start":{"line":53,"column":8},"end":{"line":53,"column":null}},"10":{"start":{"line":57,"column":8},"end":{"line":59,"column":9}},"11":{"start":{"line":58,"column":12},"end":{"line":58,"column":null}},"12":{"start":{"line":60,"column":8},"end":{"line":62,"column":9}},"13":{"start":{"line":61,"column":12},"end":{"line":61,"column":null}},"14":{"start":{"line":64,"column":8},"end":{"line":72,"column":null}},"15":{"start":{"line":67,"column":36},"end":{"line":67,"column":64}},"16":{"start":{"line":68,"column":16},"end":{"line":68,"column":null}},"17":{"start":{"line":70,"column":30},"end":{"line":70,"column":38}},"18":{"start":{"line":31,"column":0},"end":{"line":31,"column":13}},"19":{"start":{"line":80,"column":4},"end":{"line":82,"column":5}},"20":{"start":{"line":81,"column":8},"end":{"line":81,"column":null}},"21":{"start":{"line":83,"column":4},"end":{"line":85,"column":5}},"22":{"start":{"line":84,"column":8},"end":{"line":84,"column":null}},"23":{"start":{"line":86,"column":4},"end":{"line":91,"column":5}},"24":{"start":{"line":87,"column":23},"end":{"line":87,"column":61}},"25":{"start":{"line":88,"column":8},"end":{"line":90,"column":9}},"26":{"start":{"line":89,"column":12},"end":{"line":89,"column":null}},"27":{"start":{"line":98,"column":14},"end":{"line":98,"column":29}},"28":{"start":{"line":99,"column":4},"end":{"line":101,"column":5}},"29":{"start":{"line":100,"column":8},"end":{"line":100,"column":null}},"30":{"start":{"line":102,"column":4},"end":{"line":102,"column":null}},"31":{"start":{"line":116,"column":24},"end":{"line":116,"column":37}},"32":{"start":{"line":117,"column":24},"end":{"line":117,"column":44}},"33":{"start":{"line":114,"column":0},"end":{"line":114,"column":13}},"34":{"start":{"line":129,"column":24},"end":{"line":129,"column":44}},"35":{"start":{"line":130,"column":24},"end":{"line":130,"column":43}},"36":{"start":{"line":131,"column":24},"end":{"line":131,"column":44}},"37":{"start":{"line":137,"column":70},"end":{"line":137,"column":72}},"38":{"start":{"line":139,"column":8},"end":{"line":144,"column":null}},"39":{"start":{"line":125,"column":0},"end":{"line":125,"column":13}},"40":{"start":{"line":152,"column":24},"end":{"line":152,"column":null}},"41":{"start":{"line":156,"column":24},"end":{"line":156,"column":43}},"42":{"start":{"line":157,"column":24},"end":{"line":157,"column":44}},"43":{"start":{"line":163,"column":70},"end":{"line":163,"column":72}},"44":{"start":{"line":165,"column":8},"end":{"line":170,"column":null}},"45":{"start":{"line":148,"column":0},"end":{"line":148,"column":13}},"46":{"start":{"line":178,"column":24},"end":{"line":178,"column":44}},"47":{"start":{"line":179,"column":24},"end":{"line":179,"column":45}},"48":{"start":{"line":180,"column":24},"end":{"line":180,"column":44}},"49":{"start":{"line":184,"column":8},"end":{"line":184,"column":null}},"50":{"start":{"line":174,"column":0},"end":{"line":174,"column":13}},"51":{"start":{"line":192,"column":24},"end":{"line":192,"column":41}},"52":{"start":{"line":193,"column":24},"end":{"line":193,"column":41}},"53":{"start":{"line":194,"column":24},"end":{"line":194,"column":44}},"54":{"start":{"line":200,"column":70},"end":{"line":200,"column":72}},"55":{"start":{"line":202,"column":8},"end":{"line":207,"column":null}},"56":{"start":{"line":188,"column":0},"end":{"line":188,"column":13}},"57":{"start":{"line":215,"column":24},"end":{"line":215,"column":43}},"58":{"start":{"line":216,"column":24},"end":{"line":216,"column":null}},"59":{"start":{"line":220,"column":24},"end":{"line":220,"column":44}},"60":{"start":{"line":226,"column":70},"end":{"line":226,"column":72}},"61":{"start":{"line":228,"column":8},"end":{"line":233,"column":null}},"62":{"start":{"line":211,"column":0},"end":{"line":211,"column":13}},"63":{"start":{"line":241,"column":24},"end":{"line":241,"column":38}},"64":{"start":{"line":242,"column":24},"end":{"line":242,"column":59}},"65":{"start":{"line":243,"column":24},"end":{"line":243,"column":44}},"66":{"start":{"line":249,"column":70},"end":{"line":249,"column":72}},"67":{"start":{"line":251,"column":8},"end":{"line":256,"column":null}},"68":{"start":{"line":237,"column":0},"end":{"line":237,"column":13}},"69":{"start":{"line":264,"column":24},"end":{"line":264,"column":48}},"70":{"start":{"line":265,"column":24},"end":{"line":265,"column":46}},"71":{"start":{"line":266,"column":24},"end":{"line":266,"column":41}},"72":{"start":{"line":267,"column":24},"end":{"line":267,"column":50}},"73":{"start":{"line":269,"column":8},"end":{"line":271,"column":null}},"74":{"start":{"line":270,"column":12},"end":{"line":270,"column":69}},"75":{"start":{"line":270,"column":43},"end":{"line":270,"column":68}},"76":{"start":{"line":260,"column":0},"end":{"line":260,"column":13}},"77":{"start":{"line":276,"column":20},"end":{"line":276,"column":null}},"78":{"start":{"line":277,"column":20},"end":{"line":277,"column":null}},"79":{"start":{"line":278,"column":20},"end":{"line":278,"column":null}},"80":{"start":{"line":282,"column":12},"end":{"line":282,"column":null}},"81":{"start":{"line":283,"column":12},"end":{"line":283,"column":null}},"82":{"start":{"line":284,"column":12},"end":{"line":284,"column":null}},"83":{"start":{"line":285,"column":12},"end":{"line":285,"column":null}},"84":{"start":{"line":286,"column":4},"end":{"line":288,"column":null}},"85":{"start":{"line":302,"column":8},"end":{"line":302,"column":null}},"86":{"start":{"line":304,"column":8},"end":{"line":304,"column":null}},"87":{"start":{"line":306,"column":8},"end":{"line":309,"column":null}},"88":{"start":{"line":311,"column":8},"end":{"line":330,"column":null}},"89":{"start":{"line":313,"column":16},"end":{"line":313,"column":null}},"90":{"start":{"line":314,"column":16},"end":{"line":314,"column":null}},"91":{"start":{"line":316,"column":37},"end":{"line":316,"column":64}},"92":{"start":{"line":317,"column":16},"end":{"line":327,"column":17}},"93":{"start":{"line":318,"column":20},"end":{"line":323,"column":21}},"94":{"start":{"line":319,"column":24},"end":{"line":322,"column":null}},"95":{"start":{"line":324,"column":20},"end":{"line":324,"column":null}},"96":{"start":{"line":325,"column":20},"end":{"line":325,"column":null}},"97":{"start":{"line":326,"column":20},"end":{"line":326,"column":26}},"98":{"start":{"line":328,"column":16},"end":{"line":328,"column":null}},"99":{"start":{"line":331,"column":8},"end":{"line":331,"column":null}},"100":{"start":{"line":335,"column":8},"end":{"line":335,"column":null}},"101":{"start":{"line":336,"column":8},"end":{"line":336,"column":null}},"102":{"start":{"line":337,"column":8},"end":{"line":337,"column":null}},"103":{"start":{"line":338,"column":8},"end":{"line":338,"column":null}},"104":{"start":{"line":339,"column":8},"end":{"line":339,"column":null}},"105":{"start":{"line":340,"column":23},"end":{"line":344,"column":null}},"106":{"start":{"line":346,"column":8},"end":{"line":346,"column":null}},"107":{"start":{"line":348,"column":8},"end":{"line":350,"column":9}},"108":{"start":{"line":349,"column":12},"end":{"line":349,"column":null}},"109":{"start":{"line":354,"column":8},"end":{"line":354,"column":null}},"110":{"start":{"line":358,"column":8},"end":{"line":358,"column":null}},"111":{"start":{"line":365,"column":21},"end":{"line":365,"column":80}},"112":{"start":{"line":366,"column":23},"end":{"line":366,"column":46}},"113":{"start":{"line":367,"column":8},"end":{"line":369,"column":9}},"114":{"start":{"line":368,"column":12},"end":{"line":368,"column":null}},"115":{"start":{"line":370,"column":8},"end":{"line":370,"column":null}},"116":{"start":{"line":377,"column":8},"end":{"line":379,"column":9}},"117":{"start":{"line":378,"column":12},"end":{"line":378,"column":18}},"118":{"start":{"line":381,"column":8},"end":{"line":385,"column":9}},"119":{"start":{"line":382,"column":12},"end":{"line":382,"column":null}},"120":{"start":{"line":383,"column":12},"end":{"line":383,"column":null}},"121":{"start":{"line":384,"column":12},"end":{"line":384,"column":18}},"122":{"start":{"line":386,"column":25},"end":{"line":386,"column":47}},"123":{"start":{"line":387,"column":8},"end":{"line":395,"column":null}},"124":{"start":{"line":389,"column":16},"end":{"line":391,"column":null}},"125":{"start":{"line":390,"column":20},"end":{"line":390,"column":null}},"126":{"start":{"line":392,"column":16},"end":{"line":392,"column":null}},"127":{"start":{"line":393,"column":16},"end":{"line":393,"column":null}},"128":{"start":{"line":399,"column":18},"end":{"line":399,"column":42}},"129":{"start":{"line":400,"column":8},"end":{"line":404,"column":9}},"130":{"start":{"line":401,"column":33},"end":{"line":401,"column":65}},"131":{"start":{"line":402,"column":12},"end":{"line":402,"column":null}},"132":{"start":{"line":403,"column":12},"end":{"line":403,"column":null}},"133":{"start":{"line":405,"column":8},"end":{"line":405,"column":null}},"134":{"start":{"line":409,"column":8},"end":{"line":411,"column":9}},"135":{"start":{"line":410,"column":12},"end":{"line":410,"column":18}},"136":{"start":{"line":412,"column":8},"end":{"line":412,"column":null}},"137":{"start":{"line":416,"column":8},"end":{"line":418,"column":9}},"138":{"start":{"line":417,"column":12},"end":{"line":417,"column":18}},"139":{"start":{"line":419,"column":8},"end":{"line":419,"column":null}},"140":{"start":{"line":423,"column":8},"end":{"line":425,"column":9}},"141":{"start":{"line":424,"column":12},"end":{"line":424,"column":null}},"142":{"start":{"line":427,"column":23},"end":{"line":427,"column":52}},"143":{"start":{"line":429,"column":8},"end":{"line":431,"column":9}},"144":{"start":{"line":430,"column":12},"end":{"line":430,"column":null}},"145":{"start":{"line":432,"column":8},"end":{"line":432,"column":null}},"146":{"start":{"line":432,"column":46},"end":{"line":432,"column":60}},"147":{"start":{"line":436,"column":18},"end":{"line":436,"column":34}},"148":{"start":{"line":437,"column":8},"end":{"line":439,"column":9}},"149":{"start":{"line":438,"column":12},"end":{"line":438,"column":null}},"150":{"start":{"line":440,"column":8},"end":{"line":440,"column":null}},"151":{"start":{"line":447,"column":70},"end":{"line":447,"column":72}},"152":{"start":{"line":450,"column":31},"end":{"line":453,"column":null}},"153":{"start":{"line":455,"column":42},"end":{"line":459,"column":null}},"154":{"start":{"line":461,"column":8},"end":{"line":461,"column":null}},"155":{"start":{"line":463,"column":8},"end":{"line":465,"column":9}},"156":{"start":{"line":464,"column":12},"end":{"line":464,"column":null}},"157":{"start":{"line":467,"column":8},"end":{"line":467,"column":null}},"158":{"start":{"line":474,"column":70},"end":{"line":474,"column":72}},"159":{"start":{"line":477,"column":31},"end":{"line":480,"column":null}},"160":{"start":{"line":482,"column":42},"end":{"line":493,"column":null}},"161":{"start":{"line":495,"column":8},"end":{"line":495,"column":null}},"162":{"start":{"line":497,"column":8},"end":{"line":499,"column":9}},"163":{"start":{"line":498,"column":12},"end":{"line":498,"column":null}},"164":{"start":{"line":501,"column":8},"end":{"line":501,"column":null}},"165":{"start":{"line":507,"column":70},"end":{"line":507,"column":72}},"166":{"start":{"line":510,"column":12},"end":{"line":512,"column":50}},"167":{"start":{"line":514,"column":8},"end":{"line":516,"column":9}},"168":{"start":{"line":515,"column":12},"end":{"line":515,"column":null}},"169":{"start":{"line":518,"column":8},"end":{"line":522,"column":9}},"170":{"start":{"line":519,"column":12},"end":{"line":521,"column":null}},"171":{"start":{"line":524,"column":25},"end":{"line":527,"column":22}},"172":{"start":{"line":528,"column":28},"end":{"line":530,"column":null}},"173":{"start":{"line":529,"column":53},"end":{"line":529,"column":77}},"174":{"start":{"line":531,"column":22},"end":{"line":531,"column":75}},"175":{"start":{"line":532,"column":8},"end":{"line":532,"column":null}},"176":{"start":{"line":534,"column":26},"end":{"line":538,"column":22}},"177":{"start":{"line":539,"column":8},"end":{"line":541,"column":null}},"178":{"start":{"line":540,"column":12},"end":{"line":540,"column":null}},"179":{"start":{"line":542,"column":8},"end":{"line":546,"column":null}},"180":{"start":{"line":547,"column":8},"end":{"line":547,"column":null}},"181":{"start":{"line":558,"column":8},"end":{"line":560,"column":9}},"182":{"start":{"line":559,"column":12},"end":{"line":559,"column":null}},"183":{"start":{"line":561,"column":36},"end":{"line":561,"column":63}},"184":{"start":{"line":563,"column":42},"end":{"line":567,"column":null}},"185":{"start":{"line":569,"column":8},"end":{"line":569,"column":null}},"186":{"start":{"line":571,"column":8},"end":{"line":573,"column":9}},"187":{"start":{"line":572,"column":12},"end":{"line":572,"column":null}},"188":{"start":{"line":575,"column":8},"end":{"line":575,"column":null}},"189":{"start":{"line":579,"column":21},"end":{"line":579,"column":75}},"190":{"start":{"line":581,"column":8},"end":{"line":583,"column":9}},"191":{"start":{"line":582,"column":12},"end":{"line":582,"column":null}},"192":{"start":{"line":585,"column":27},"end":{"line":585,"column":48}},"193":{"start":{"line":587,"column":8},"end":{"line":589,"column":9}},"194":{"start":{"line":588,"column":12},"end":{"line":588,"column":null}},"195":{"start":{"line":591,"column":8},"end":{"line":595,"column":9}},"196":{"start":{"line":592,"column":12},"end":{"line":594,"column":null}},"197":{"start":{"line":596,"column":28},"end":{"line":597,"column":null}},"198":{"start":{"line":597,"column":23},"end":{"line":597,"column":43}},"199":{"start":{"line":599,"column":26},"end":{"line":604,"column":22}},"200":{"start":{"line":606,"column":42},"end":{"line":606,"column":54}},"201":{"start":{"line":607,"column":8},"end":{"line":607,"column":null}},"202":{"start":{"line":608,"column":8},"end":{"line":608,"column":null}},"203":{"start":{"line":608,"column":36},"end":{"line":608,"column":66}},"204":{"start":{"line":610,"column":8},"end":{"line":612,"column":9}},"205":{"start":{"line":611,"column":12},"end":{"line":611,"column":null}},"206":{"start":{"line":614,"column":8},"end":{"line":618,"column":null}},"207":{"start":{"line":617,"column":19},"end":{"line":617,"column":21}},"208":{"start":{"line":619,"column":8},"end":{"line":619,"column":null}},"209":{"start":{"line":626,"column":70},"end":{"line":626,"column":72}},"210":{"start":{"line":629,"column":24},"end":{"line":629,"column":78}},"211":{"start":{"line":631,"column":8},"end":{"line":633,"column":9}},"212":{"start":{"line":632,"column":12},"end":{"line":632,"column":null}},"213":{"start":{"line":635,"column":8},"end":{"line":639,"column":9}},"214":{"start":{"line":636,"column":12},"end":{"line":638,"column":null}},"215":{"start":{"line":637,"column":16},"end":{"line":637,"column":null}},"216":{"start":{"line":641,"column":8},"end":{"line":645,"column":null}},"217":{"start":{"line":646,"column":42},"end":{"line":650,"column":null}},"218":{"start":{"line":652,"column":8},"end":{"line":652,"column":null}},"219":{"start":{"line":654,"column":8},"end":{"line":656,"column":9}},"220":{"start":{"line":655,"column":12},"end":{"line":655,"column":null}},"221":{"start":{"line":658,"column":8},"end":{"line":658,"column":null}},"222":{"start":{"line":680,"column":70},"end":{"line":680,"column":72}},"223":{"start":{"line":683,"column":26},"end":{"line":683,"column":80}},"224":{"start":{"line":684,"column":8},"end":{"line":686,"column":9}},"225":{"start":{"line":685,"column":12},"end":{"line":685,"column":null}},"226":{"start":{"line":687,"column":8},"end":{"line":687,"column":null}},"227":{"start":{"line":689,"column":12},"end":{"line":691,"column":53}},"228":{"start":{"line":693,"column":8},"end":{"line":695,"column":9}},"229":{"start":{"line":694,"column":12},"end":{"line":694,"column":null}},"230":{"start":{"line":697,"column":27},"end":{"line":699,"column":23}},"231":{"start":{"line":701,"column":8},"end":{"line":703,"column":9}},"232":{"start":{"line":702,"column":12},"end":{"line":702,"column":null}},"233":{"start":{"line":704,"column":8},"end":{"line":720,"column":9}},"234":{"start":{"line":705,"column":37},"end":{"line":705,"column":66}},"235":{"start":{"line":707,"column":16},"end":{"line":708,"column":60}},"236":{"start":{"line":709,"column":12},"end":{"line":713,"column":null}},"237":{"start":{"line":715,"column":12},"end":{"line":719,"column":null}},"238":{"start":{"line":722,"column":42},"end":{"line":733,"column":null}},"239":{"start":{"line":735,"column":8},"end":{"line":735,"column":null}},"240":{"start":{"line":737,"column":8},"end":{"line":739,"column":9}},"241":{"start":{"line":738,"column":12},"end":{"line":738,"column":null}},"242":{"start":{"line":741,"column":8},"end":{"line":741,"column":null}},"243":{"start":{"line":748,"column":70},"end":{"line":748,"column":72}},"244":{"start":{"line":751,"column":21},"end":{"line":751,"column":75}},"245":{"start":{"line":753,"column":8},"end":{"line":755,"column":9}},"246":{"start":{"line":754,"column":12},"end":{"line":754,"column":null}},"247":{"start":{"line":757,"column":24},"end":{"line":761,"column":22}},"248":{"start":{"line":762,"column":28},"end":{"line":762,"column":58}},"249":{"start":{"line":763,"column":8},"end":{"line":763,"column":null}},"250":{"start":{"line":763,"column":36},"end":{"line":763,"column":64}},"251":{"start":{"line":764,"column":8},"end":{"line":768,"column":null}},"252":{"start":{"line":769,"column":42},"end":{"line":773,"column":null}},"253":{"start":{"line":775,"column":8},"end":{"line":775,"column":null}},"254":{"start":{"line":777,"column":8},"end":{"line":779,"column":9}},"255":{"start":{"line":778,"column":12},"end":{"line":778,"column":null}},"256":{"start":{"line":781,"column":8},"end":{"line":781,"column":null}},"257":{"start":{"line":785,"column":8},"end":{"line":785,"column":null}},"258":{"start":{"line":786,"column":8},"end":{"line":786,"column":null}},"259":{"start":{"line":787,"column":8},"end":{"line":787,"column":null}},"260":{"start":{"line":791,"column":35},"end":{"line":819,"column":9}},"261":{"start":{"line":792,"column":12},"end":{"line":818,"column":null}},"262":{"start":{"line":798,"column":16},"end":{"line":817,"column":null}},"263":{"start":{"line":801,"column":24},"end":{"line":803,"column":25}},"264":{"start":{"line":802,"column":28},"end":{"line":802,"column":null}},"265":{"start":{"line":804,"column":37},"end":{"line":804,"column":70}},"266":{"start":{"line":805,"column":24},"end":{"line":805,"column":null}},"267":{"start":{"line":806,"column":24},"end":{"line":815,"column":null}},"268":{"start":{"line":809,"column":32},"end":{"line":812,"column":null}},"269":{"start":{"line":820,"column":32},"end":{"line":821,"column":null}},"270":{"start":{"line":821,"column":25},"end":{"line":821,"column":60}},"271":{"start":{"line":823,"column":8},"end":{"line":826,"column":null}},"272":{"start":{"line":832,"column":70},"end":{"line":832,"column":72}},"273":{"start":{"line":834,"column":26},"end":{"line":834,"column":51}},"274":{"start":{"line":835,"column":8},"end":{"line":837,"column":9}},"275":{"start":{"line":836,"column":12},"end":{"line":836,"column":null}},"276":{"start":{"line":839,"column":8},"end":{"line":843,"column":9}},"277":{"start":{"line":840,"column":12},"end":{"line":842,"column":null}},"278":{"start":{"line":844,"column":28},"end":{"line":845,"column":null}},"279":{"start":{"line":845,"column":12},"end":{"line":845,"column":55}},"280":{"start":{"line":848,"column":26},"end":{"line":854,"column":22}},"281":{"start":{"line":855,"column":8},"end":{"line":855,"column":null}},"282":{"start":{"line":855,"column":40},"end":{"line":855,"column":74}},"283":{"start":{"line":857,"column":8},"end":{"line":860,"column":9}},"284":{"start":{"line":858,"column":12},"end":{"line":858,"column":null}},"285":{"start":{"line":859,"column":12},"end":{"line":859,"column":null}},"286":{"start":{"line":863,"column":8},"end":{"line":867,"column":null}},"287":{"start":{"line":871,"column":8},"end":{"line":871,"column":null}},"288":{"start":{"line":872,"column":8},"end":{"line":876,"column":9}},"289":{"start":{"line":873,"column":12},"end":{"line":875,"column":null}},"290":{"start":{"line":874,"column":16},"end":{"line":874,"column":null}},"291":{"start":{"line":880,"column":8},"end":{"line":880,"column":null}},"292":{"start":{"line":883,"column":41},"end":{"line":883,"column":50}},"293":{"start":{"line":886,"column":21},"end":{"line":886,"column":44}},"294":{"start":{"line":887,"column":8},"end":{"line":890,"column":9}},"295":{"start":{"line":888,"column":12},"end":{"line":888,"column":null}},"296":{"start":{"line":889,"column":12},"end":{"line":889,"column":null}},"297":{"start":{"line":892,"column":8},"end":{"line":892,"column":null}},"298":{"start":{"line":895,"column":31},"end":{"line":895,"column":61}},"299":{"start":{"line":898,"column":26},"end":{"line":899,"column":30}},"300":{"start":{"line":899,"column":12},"end":{"line":899,"column":30}},"301":{"start":{"line":901,"column":33},"end":{"line":903,"column":30}},"302":{"start":{"line":906,"column":8},"end":{"line":906,"column":null}},"303":{"start":{"line":275,"column":0},"end":{"line":275,"column":13}},"304":{"start":{"line":952,"column":20},"end":{"line":952,"column":null}},"305":{"start":{"line":955,"column":20},"end":{"line":958,"column":null}},"306":{"start":{"line":959,"column":20},"end":{"line":959,"column":null}},"307":{"start":{"line":960,"column":21},"end":{"line":960,"column":null}},"308":{"start":{"line":961,"column":21},"end":{"line":961,"column":null}},"309":{"start":{"line":969,"column":4},"end":{"line":971,"column":null}},"310":{"start":{"line":970,"column":8},"end":{"line":970,"column":null}},"311":{"start":{"line":986,"column":8},"end":{"line":986,"column":null}},"312":{"start":{"line":987,"column":8},"end":{"line":987,"column":null}},"313":{"start":{"line":988,"column":8},"end":{"line":991,"column":null}},"314":{"start":{"line":990,"column":24},"end":{"line":990,"column":61}},"315":{"start":{"line":993,"column":8},"end":{"line":993,"column":null}},"316":{"start":{"line":994,"column":8},"end":{"line":994,"column":null}},"317":{"start":{"line":995,"column":8},"end":{"line":995,"column":null}},"318":{"start":{"line":997,"column":25},"end":{"line":1009,"column":10}},"319":{"start":{"line":1000,"column":33},"end":{"line":1000,"column":61}},"320":{"start":{"line":1001,"column":16},"end":{"line":1003,"column":17}},"321":{"start":{"line":1002,"column":20},"end":{"line":1002,"column":null}},"322":{"start":{"line":1004,"column":16},"end":{"line":1006,"column":null}},"323":{"start":{"line":1005,"column":20},"end":{"line":1005,"column":null}},"324":{"start":{"line":1007,"column":16},"end":{"line":1007,"column":null}},"325":{"start":{"line":1010,"column":8},"end":{"line":1010,"column":null}},"326":{"start":{"line":1011,"column":8},"end":{"line":1019,"column":9}},"327":{"start":{"line":1012,"column":12},"end":{"line":1018,"column":null}},"328":{"start":{"line":1013,"column":16},"end":{"line":1017,"column":null}},"329":{"start":{"line":1015,"column":24},"end":{"line":1015,"column":null}},"330":{"start":{"line":1023,"column":8},"end":{"line":1034,"column":null}},"331":{"start":{"line":1025,"column":37},"end":{"line":1025,"column":73}},"332":{"start":{"line":1026,"column":16},"end":{"line":1031,"column":17}},"333":{"start":{"line":1027,"column":20},"end":{"line":1029,"column":null}},"334":{"start":{"line":1028,"column":51},"end":{"line":1028,"column":63}},"335":{"start":{"line":1030,"column":20},"end":{"line":1030,"column":26}},"336":{"start":{"line":1032,"column":16},"end":{"line":1032,"column":null}},"337":{"start":{"line":1042,"column":23},"end":{"line":1042,"column":50}},"338":{"start":{"line":1043,"column":30},"end":{"line":1050,"column":null}},"339":{"start":{"line":1044,"column":35},"end":{"line":1044,"column":66}},"340":{"start":{"line":1046,"column":16},"end":{"line":1048,"column":17}},"341":{"start":{"line":1047,"column":20},"end":{"line":1047,"column":null}},"342":{"start":{"line":1049,"column":16},"end":{"line":1049,"column":32}},"343":{"start":{"line":1052,"column":24},"end":{"line":1052,"column":70}},"344":{"start":{"line":1053,"column":8},"end":{"line":1055,"column":9}},"345":{"start":{"line":1054,"column":12},"end":{"line":1054,"column":null}},"346":{"start":{"line":1057,"column":8},"end":{"line":1066,"column":null}},"347":{"start":{"line":1075,"column":22},"end":{"line":1075,"column":45}},"348":{"start":{"line":1076,"column":27},"end":{"line":1076,"column":66}},"349":{"start":{"line":1078,"column":23},"end":{"line":1086,"column":10}},"350":{"start":{"line":1081,"column":16},"end":{"line":1083,"column":24}},"351":{"start":{"line":1084,"column":28},"end":{"line":1084,"column":72}},"352":{"start":{"line":1088,"column":8},"end":{"line":1121,"column":null}},"353":{"start":{"line":1097,"column":16},"end":{"line":1097,"column":null}},"354":{"start":{"line":1098,"column":16},"end":{"line":1098,"column":null}},"355":{"start":{"line":1099,"column":16},"end":{"line":1102,"column":null}},"356":{"start":{"line":1105,"column":16},"end":{"line":1105,"column":null}},"357":{"start":{"line":1106,"column":16},"end":{"line":1108,"column":17}},"358":{"start":{"line":1107,"column":20},"end":{"line":1107,"column":null}},"359":{"start":{"line":1111,"column":16},"end":{"line":1119,"column":null}},"360":{"start":{"line":1113,"column":24},"end":{"line":1117,"column":25}},"361":{"start":{"line":1114,"column":28},"end":{"line":1116,"column":null}},"362":{"start":{"line":1115,"column":32},"end":{"line":1115,"column":null}},"363":{"start":{"line":1125,"column":22},"end":{"line":1125,"column":45}},"364":{"start":{"line":1126,"column":31},"end":{"line":1126,"column":63}},"365":{"start":{"line":1127,"column":8},"end":{"line":1138,"column":null}},"366":{"start":{"line":1145,"column":23},"end":{"line":1145,"column":50}},"367":{"start":{"line":1147,"column":8},"end":{"line":1165,"column":null}},"368":{"start":{"line":1154,"column":26},"end":{"line":1156,"column":27}},"369":{"start":{"line":1155,"column":30},"end":{"line":1155,"column":null}},"370":{"start":{"line":1157,"column":26},"end":{"line":1157,"column":null}},"371":{"start":{"line":1159,"column":38},"end":{"line":1159,"column":68}},"372":{"start":{"line":1162,"column":22},"end":{"line":1162,"column":null}},"373":{"start":{"line":1163,"column":22},"end":{"line":1163,"column":null}},"374":{"start":{"line":1169,"column":8},"end":{"line":1169,"column":null}},"375":{"start":{"line":1178,"column":26},"end":{"line":1178,"column":72}},"376":{"start":{"line":1179,"column":8},"end":{"line":1222,"column":null}},"377":{"start":{"line":1182,"column":38},"end":{"line":1189,"column":61}},"378":{"start":{"line":1184,"column":24},"end":{"line":1187,"column":null}},"379":{"start":{"line":1189,"column":42},"end":{"line":1189,"column":60}},"380":{"start":{"line":1190,"column":41},"end":{"line":1190,"column":80}},"381":{"start":{"line":1190,"column":74},"end":{"line":1190,"column":79}},"382":{"start":{"line":1192,"column":16},"end":{"line":1220,"column":null}},"383":{"start":{"line":1197,"column":28},"end":{"line":1197,"column":59}},"384":{"start":{"line":1201,"column":45},"end":{"line":1209,"column":47}},"385":{"start":{"line":1202,"column":32},"end":{"line":1209,"column":47}},"386":{"start":{"line":1210,"column":28},"end":{"line":1216,"column":null}},"387":{"start":{"line":1219,"column":39},"end":{"line":1219,"column":54}},"388":{"start":{"line":1226,"column":8},"end":{"line":1228,"column":9}},"389":{"start":{"line":1227,"column":12},"end":{"line":1227,"column":null}},"390":{"start":{"line":1229,"column":27},"end":{"line":1229,"column":48}},"391":{"start":{"line":1230,"column":8},"end":{"line":1232,"column":9}},"392":{"start":{"line":1231,"column":12},"end":{"line":1231,"column":18}},"393":{"start":{"line":1233,"column":8},"end":{"line":1238,"column":9}},"394":{"start":{"line":1237,"column":12},"end":{"line":1237,"column":18}},"395":{"start":{"line":1239,"column":30},"end":{"line":1239,"column":48}},"396":{"start":{"line":1240,"column":21},"end":{"line":1240,"column":42}},"397":{"start":{"line":1241,"column":8},"end":{"line":1244,"column":9}},"398":{"start":{"line":1242,"column":12},"end":{"line":1242,"column":null}},"399":{"start":{"line":1243,"column":12},"end":{"line":1243,"column":null}},"400":{"start":{"line":1245,"column":19},"end":{"line":1245,"column":53}},"401":{"start":{"line":1246,"column":8},"end":{"line":1253,"column":null}},"402":{"start":{"line":940,"column":0},"end":{"line":940,"column":13}},"403":{"start":{"line":941,"column":20},"end":{"line":941,"column":56}},"404":{"start":{"line":944,"column":16},"end":{"line":944,"column":90}},"405":{"start":{"line":1260,"column":17},"end":{"line":1260,"column":38}},"406":{"start":{"line":1262,"column":4},"end":{"line":1268,"column":5}},"407":{"start":{"line":1263,"column":26},"end":{"line":1263,"column":67}},"408":{"start":{"line":1264,"column":8},"end":{"line":1266,"column":9}},"409":{"start":{"line":1265,"column":12},"end":{"line":1265,"column":null}},"410":{"start":{"line":1267,"column":8},"end":{"line":1267,"column":null}},"411":{"start":{"line":1270,"column":4},"end":{"line":1270,"column":null}},"412":{"start":{"line":1274,"column":41},"end":{"line":1274,"column":72}},"413":{"start":{"line":1275,"column":17},"end":{"line":1275,"column":76}},"414":{"start":{"line":1276,"column":17},"end":{"line":1276,"column":74}},"415":{"start":{"line":1277,"column":24},"end":{"line":1277,"column":50}},"416":{"start":{"line":1278,"column":24},"end":{"line":1278,"column":50}},"417":{"start":{"line":1280,"column":4},"end":{"line":1280,"column":null}}},"fnMap":{"0":{"name":"(anonymous_0)","decl":{"start":{"line":36,"column":4},"end":{"line":36,"column":16}},"loc":{"start":{"line":42,"column":5},"end":{"line":47,"column":5}}},"1":{"name":"(anonymous_1)","decl":{"start":{"line":49,"column":4},"end":{"line":49,"column":20}},"loc":{"start":{"line":49,"column":20},"end":{"line":54,"column":5}}},"2":{"name":"(anonymous_2)","decl":{"start":{"line":56,"column":4},"end":{"line":56,"column":19}},"loc":{"start":{"line":56,"column":19},"end":{"line":73,"column":5}}},"3":{"name":"(anonymous_3)","decl":{"start":{"line":66,"column":16},"end":{"line":66,"column":17}},"loc":{"start":{"line":66,"column":37},"end":{"line":69,"column":13}}},"4":{"name":"(anonymous_4)","decl":{"start":{"line":70,"column":16},"end":{"line":70,"column":17}},"loc":{"start":{"line":70,"column":30},"end":{"line":70,"column":38}}},"5":{"name":"find","decl":{"start":{"line":76,"column":16},"end":{"line":76,"column":20}},"loc":{"start":{"line":78,"column":33},"end":{"line":92,"column":1}}},"6":{"name":"findResolved","decl":{"start":{"line":94,"column":16},"end":{"line":94,"column":28}},"loc":{"start":{"line":96,"column":33},"end":{"line":103,"column":1}}},"7":{"name":"(anonymous_7)","decl":{"start":{"line":115,"column":4},"end":{"line":115,"column":null}},"loc":{"start":{"line":117,"column":53},"end":{"line":118,"column":8}}},"8":{"name":"(anonymous_8)","decl":{"start":{"line":120,"column":4},"end":{"line":120,"column":11}},"loc":{"start":{"line":120,"column":11},"end":{"line":122,"column":5}}},"9":{"name":"(anonymous_9)","decl":{"start":{"line":128,"column":4},"end":{"line":128,"column":null}},"loc":{"start":{"line":131,"column":53},"end":{"line":132,"column":8}}},"10":{"name":"(anonymous_10)","decl":{"start":{"line":134,"column":4},"end":{"line":134,"column":11}},"loc":{"start":{"line":137,"column":73},"end":{"line":145,"column":5}}},"11":{"name":"(anonymous_11)","decl":{"start":{"line":137,"column":63},"end":{"line":137,"column":66}},"loc":{"start":{"line":137,"column":70},"end":{"line":137,"column":72}}},"12":{"name":"(anonymous_12)","decl":{"start":{"line":151,"column":4},"end":{"line":151,"column":null}},"loc":{"start":{"line":157,"column":53},"end":{"line":158,"column":8}}},"13":{"name":"(anonymous_13)","decl":{"start":{"line":160,"column":4},"end":{"line":160,"column":11}},"loc":{"start":{"line":163,"column":73},"end":{"line":171,"column":5}}},"14":{"name":"(anonymous_14)","decl":{"start":{"line":163,"column":63},"end":{"line":163,"column":66}},"loc":{"start":{"line":163,"column":70},"end":{"line":163,"column":72}}},"15":{"name":"(anonymous_15)","decl":{"start":{"line":177,"column":4},"end":{"line":177,"column":null}},"loc":{"start":{"line":180,"column":53},"end":{"line":181,"column":8}}},"16":{"name":"(anonymous_16)","decl":{"start":{"line":183,"column":4},"end":{"line":183,"column":11}},"loc":{"start":{"line":183,"column":52},"end":{"line":185,"column":5}}},"17":{"name":"(anonymous_17)","decl":{"start":{"line":191,"column":4},"end":{"line":191,"column":null}},"loc":{"start":{"line":194,"column":53},"end":{"line":195,"column":8}}},"18":{"name":"(anonymous_18)","decl":{"start":{"line":197,"column":4},"end":{"line":197,"column":11}},"loc":{"start":{"line":200,"column":73},"end":{"line":208,"column":5}}},"19":{"name":"(anonymous_19)","decl":{"start":{"line":200,"column":63},"end":{"line":200,"column":66}},"loc":{"start":{"line":200,"column":70},"end":{"line":200,"column":72}}},"20":{"name":"(anonymous_20)","decl":{"start":{"line":214,"column":4},"end":{"line":214,"column":null}},"loc":{"start":{"line":220,"column":53},"end":{"line":221,"column":8}}},"21":{"name":"(anonymous_21)","decl":{"start":{"line":223,"column":4},"end":{"line":223,"column":11}},"loc":{"start":{"line":226,"column":73},"end":{"line":234,"column":5}}},"22":{"name":"(anonymous_22)","decl":{"start":{"line":226,"column":63},"end":{"line":226,"column":66}},"loc":{"start":{"line":226,"column":70},"end":{"line":226,"column":72}}},"23":{"name":"(anonymous_23)","decl":{"start":{"line":240,"column":4},"end":{"line":240,"column":null}},"loc":{"start":{"line":243,"column":53},"end":{"line":244,"column":8}}},"24":{"name":"(anonymous_24)","decl":{"start":{"line":246,"column":4},"end":{"line":246,"column":11}},"loc":{"start":{"line":249,"column":73},"end":{"line":257,"column":5}}},"25":{"name":"(anonymous_25)","decl":{"start":{"line":249,"column":63},"end":{"line":249,"column":66}},"loc":{"start":{"line":249,"column":70},"end":{"line":249,"column":72}}},"26":{"name":"(anonymous_26)","decl":{"start":{"line":263,"column":4},"end":{"line":263,"column":null}},"loc":{"start":{"line":267,"column":50},"end":{"line":272,"column":5}}},"27":{"name":"(anonymous_27)","decl":{"start":{"line":269,"column":47},"end":{"line":269,"column":48}},"loc":{"start":{"line":270,"column":12},"end":{"line":270,"column":69}}},"28":{"name":"(anonymous_28)","decl":{"start":{"line":270,"column":30},"end":{"line":270,"column":31}},"loc":{"start":{"line":270,"column":43},"end":{"line":270,"column":68}}},"29":{"name":"(anonymous_29)","decl":{"start":{"line":291,"column":4},"end":{"line":291,"column":16}},"loc":{"start":{"line":301,"column":5},"end":{"line":332,"column":5}}},"30":{"name":"(anonymous_30)","decl":{"start":{"line":312,"column":33},"end":{"line":312,"column":34}},"loc":{"start":{"line":312,"column":52},"end":{"line":329,"column":13}}},"31":{"name":"(anonymous_31)","decl":{"start":{"line":334,"column":4},"end":{"line":334,"column":9}},"loc":{"start":{"line":334,"column":43},"end":{"line":351,"column":5}}},"32":{"name":"(anonymous_32)","decl":{"start":{"line":353,"column":4},"end":{"line":353,"column":15}},"loc":{"start":{"line":353,"column":15},"end":{"line":355,"column":5}}},"33":{"name":"(anonymous_33)","decl":{"start":{"line":357,"column":4},"end":{"line":357,"column":13}},"loc":{"start":{"line":357,"column":28},"end":{"line":359,"column":5}}},"34":{"name":"(anonymous_34)","decl":{"start":{"line":361,"column":4},"end":{"line":361,"column":14}},"loc":{"start":{"line":363,"column":48},"end":{"line":371,"column":5}}},"35":{"name":"(anonymous_35)","decl":{"start":{"line":373,"column":4},"end":{"line":373,"column":15}},"loc":{"start":{"line":375,"column":61},"end":{"line":396,"column":5}}},"36":{"name":"(anonymous_36)","decl":{"start":{"line":388,"column":31},"end":{"line":388,"column":32}},"loc":{"start":{"line":388,"column":56},"end":{"line":394,"column":13}}},"37":{"name":"(anonymous_37)","decl":{"start":{"line":389,"column":33},"end":{"line":389,"column":34}},"loc":{"start":{"line":389,"column":43},"end":{"line":391,"column":17}}},"38":{"name":"(anonymous_38)","decl":{"start":{"line":398,"column":4},"end":{"line":398,"column":16}},"loc":{"start":{"line":398,"column":31},"end":{"line":406,"column":5}}},"39":{"name":"(anonymous_39)","decl":{"start":{"line":408,"column":4},"end":{"line":408,"column":8}},"loc":{"start":{"line":408,"column":8},"end":{"line":413,"column":5}}},"40":{"name":"(anonymous_40)","decl":{"start":{"line":415,"column":4},"end":{"line":415,"column":8}},"loc":{"start":{"line":415,"column":8},"end":{"line":420,"column":5}}},"41":{"name":"(anonymous_41)","decl":{"start":{"line":422,"column":4},"end":{"line":422,"column":11}},"loc":{"start":{"line":422,"column":22},"end":{"line":433,"column":5}}},"42":{"name":"(anonymous_42)","decl":{"start":{"line":432,"column":36},"end":{"line":432,"column":37}},"loc":{"start":{"line":432,"column":46},"end":{"line":432,"column":60}}},"43":{"name":"(anonymous_43)","decl":{"start":{"line":435,"column":4},"end":{"line":435,"column":19}},"loc":{"start":{"line":435,"column":30},"end":{"line":441,"column":5}}},"44":{"name":"(anonymous_44)","decl":{"start":{"line":443,"column":4},"end":{"line":443,"column":12}},"loc":{"start":{"line":448,"column":31},"end":{"line":468,"column":5}}},"45":{"name":"(anonymous_45)","decl":{"start":{"line":447,"column":63},"end":{"line":447,"column":66}},"loc":{"start":{"line":447,"column":70},"end":{"line":447,"column":72}}},"46":{"name":"(anonymous_46)","decl":{"start":{"line":470,"column":4},"end":{"line":470,"column":15}},"loc":{"start":{"line":475,"column":31},"end":{"line":502,"column":5}}},"47":{"name":"(anonymous_47)","decl":{"start":{"line":474,"column":63},"end":{"line":474,"column":66}},"loc":{"start":{"line":474,"column":70},"end":{"line":474,"column":72}}},"48":{"name":"(anonymous_48)","decl":{"start":{"line":504,"column":12},"end":{"line":504,"column":27}},"loc":{"start":{"line":507,"column":73},"end":{"line":548,"column":5}}},"49":{"name":"(anonymous_49)","decl":{"start":{"line":507,"column":63},"end":{"line":507,"column":66}},"loc":{"start":{"line":507,"column":70},"end":{"line":507,"column":72}}},"50":{"name":"(anonymous_50)","decl":{"start":{"line":529,"column":42},"end":{"line":529,"column":43}},"loc":{"start":{"line":529,"column":53},"end":{"line":529,"column":77}}},"51":{"name":"(anonymous_51)","decl":{"start":{"line":539,"column":28},"end":{"line":539,"column":29}},"loc":{"start":{"line":539,"column":48},"end":{"line":541,"column":9}}},"52":{"name":"(anonymous_52)","decl":{"start":{"line":550,"column":4},"end":{"line":550,"column":14}},"loc":{"start":{"line":556,"column":40},"end":{"line":576,"column":5}}},"53":{"name":"(anonymous_53)","decl":{"start":{"line":578,"column":12},"end":{"line":578,"column":26}},"loc":{"start":{"line":578,"column":52},"end":{"line":620,"column":5}}},"54":{"name":"(anonymous_54)","decl":{"start":{"line":597,"column":12},"end":{"line":597,"column":13}},"loc":{"start":{"line":597,"column":23},"end":{"line":597,"column":43}}},"55":{"name":"(anonymous_55)","decl":{"start":{"line":608,"column":28},"end":{"line":608,"column":29}},"loc":{"start":{"line":608,"column":36},"end":{"line":608,"column":66}}},"56":{"name":"(anonymous_56)","decl":{"start":{"line":617,"column":12},"end":{"line":617,"column":15}},"loc":{"start":{"line":617,"column":19},"end":{"line":617,"column":21}}},"57":{"name":"(anonymous_57)","decl":{"start":{"line":622,"column":4},"end":{"line":622,"column":15}},"loc":{"start":{"line":627,"column":40},"end":{"line":659,"column":5}}},"58":{"name":"(anonymous_58)","decl":{"start":{"line":626,"column":63},"end":{"line":626,"column":66}},"loc":{"start":{"line":626,"column":70},"end":{"line":626,"column":72}}},"59":{"name":"(anonymous_59)","decl":{"start":{"line":636,"column":37},"end":{"line":636,"column":38}},"loc":{"start":{"line":636,"column":57},"end":{"line":638,"column":13}}},"60":{"name":"(anonymous_60)","decl":{"start":{"line":673,"column":4},"end":{"line":673,"column":12}},"loc":{"start":{"line":681,"column":40},"end":{"line":742,"column":5}}},"61":{"name":"(anonymous_61)","decl":{"start":{"line":680,"column":63},"end":{"line":680,"column":66}},"loc":{"start":{"line":680,"column":70},"end":{"line":680,"column":72}}},"62":{"name":"(anonymous_62)","decl":{"start":{"line":744,"column":4},"end":{"line":744,"column":21}},"loc":{"start":{"line":749,"column":40},"end":{"line":782,"column":5}}},"63":{"name":"(anonymous_63)","decl":{"start":{"line":748,"column":63},"end":{"line":748,"column":66}},"loc":{"start":{"line":748,"column":70},"end":{"line":748,"column":72}}},"64":{"name":"(anonymous_64)","decl":{"start":{"line":763,"column":28},"end":{"line":763,"column":29}},"loc":{"start":{"line":763,"column":36},"end":{"line":763,"column":64}}},"65":{"name":"(anonymous_65)","decl":{"start":{"line":784,"column":4},"end":{"line":784,"column":14}},"loc":{"start":{"line":784,"column":14},"end":{"line":788,"column":5}}},"66":{"name":"(anonymous_66)","decl":{"start":{"line":790,"column":4},"end":{"line":790,"column":15}},"loc":{"start":{"line":790,"column":30},"end":{"line":827,"column":5}}},"67":{"name":"(anonymous_67)","decl":{"start":{"line":791,"column":35},"end":{"line":791,"column":38}},"loc":{"start":{"line":791,"column":40},"end":{"line":819,"column":9}}},"68":{"name":"(anonymous_68)","decl":{"start":{"line":792,"column":19},"end":{"line":792,"column":null}},"loc":{"start":{"line":797,"column":16},"end":{"line":818,"column":13}}},"69":{"name":"(anonymous_69)","decl":{"start":{"line":800,"column":29},"end":{"line":800,"column":30}},"loc":{"start":{"line":800,"column":58},"end":{"line":816,"column":21}}},"70":{"name":"(anonymous_70)","decl":{"start":{"line":808,"column":32},"end":{"line":808,"column":35}},"loc":{"start":{"line":808,"column":37},"end":{"line":813,"column":29}}},"71":{"name":"(anonymous_71)","decl":{"start":{"line":821,"column":12},"end":{"line":821,"column":13}},"loc":{"start":{"line":821,"column":25},"end":{"line":821,"column":60}}},"72":{"name":"(anonymous_72)","decl":{"start":{"line":829,"column":12},"end":{"line":829,"column":37}},"loc":{"start":{"line":832,"column":73},"end":{"line":868,"column":5}}},"73":{"name":"(anonymous_73)","decl":{"start":{"line":832,"column":63},"end":{"line":832,"column":66}},"loc":{"start":{"line":832,"column":70},"end":{"line":832,"column":72}}},"74":{"name":"(anonymous_74)","decl":{"start":{"line":844,"column":51},"end":{"line":844,"column":52}},"loc":{"start":{"line":845,"column":12},"end":{"line":845,"column":55}}},"75":{"name":"(anonymous_75)","decl":{"start":{"line":855,"column":28},"end":{"line":855,"column":29}},"loc":{"start":{"line":855,"column":40},"end":{"line":855,"column":74}}},"76":{"name":"(anonymous_76)","decl":{"start":{"line":870,"column":12},"end":{"line":870,"column":24}},"loc":{"start":{"line":870,"column":73},"end":{"line":877,"column":5}}},"77":{"name":"(anonymous_77)","decl":{"start":{"line":873,"column":34},"end":{"line":873,"column":35}},"loc":{"start":{"line":873,"column":44},"end":{"line":875,"column":13}}},"78":{"name":"(anonymous_78)","decl":{"start":{"line":879,"column":4},"end":{"line":879,"column":23}},"loc":{"start":{"line":879,"column":38},"end":{"line":907,"column":5}}},"79":{"name":"(anonymous_79)","decl":{"start":{"line":898,"column":26},"end":{"line":898,"column":27}},"loc":{"start":{"line":899,"column":12},"end":{"line":899,"column":30}}},"80":{"name":"(anonymous_80)","decl":{"start":{"line":973,"column":4},"end":{"line":973,"column":16}},"loc":{"start":{"line":985,"column":5},"end":{"line":1020,"column":5}}},"81":{"name":"(anonymous_81)","decl":{"start":{"line":969,"column":24},"end":{"line":969,"column":25}},"loc":{"start":{"line":969,"column":55},"end":{"line":971,"column":5}}},"82":{"name":"(anonymous_82)","decl":{"start":{"line":990,"column":18},"end":{"line":990,"column":21}},"loc":{"start":{"line":990,"column":24},"end":{"line":990,"column":61}}},"83":{"name":"(anonymous_83)","decl":{"start":{"line":999,"column":21},"end":{"line":999,"column":22}},"loc":{"start":{"line":999,"column":30},"end":{"line":1008,"column":13}}},"84":{"name":"(anonymous_84)","decl":{"start":{"line":1004,"column":45},"end":{"line":1004,"column":46}},"loc":{"start":{"line":1004,"column":76},"end":{"line":1006,"column":17}}},"85":{"name":"(anonymous_85)","decl":{"start":{"line":1012,"column":37},"end":{"line":1012,"column":38}},"loc":{"start":{"line":1012,"column":68},"end":{"line":1018,"column":13}}},"86":{"name":"(anonymous_86)","decl":{"start":{"line":1014,"column":52},"end":{"line":1014,"column":53}},"loc":{"start":{"line":1014,"column":65},"end":{"line":1016,"column":21}}},"87":{"name":"(anonymous_87)","decl":{"start":{"line":1022,"column":12},"end":{"line":1022,"column":35}},"loc":{"start":{"line":1022,"column":62},"end":{"line":1035,"column":5}}},"88":{"name":"(anonymous_88)","decl":{"start":{"line":1024,"column":40},"end":{"line":1024,"column":41}},"loc":{"start":{"line":1024,"column":51},"end":{"line":1033,"column":13}}},"89":{"name":"(anonymous_89)","decl":{"start":{"line":1028,"column":44},"end":{"line":1028,"column":45}},"loc":{"start":{"line":1028,"column":51},"end":{"line":1028,"column":63}}},"90":{"name":"(anonymous_90)","decl":{"start":{"line":1037,"column":14},"end":{"line":1037,"column":22}},"loc":{"start":{"line":1040,"column":21},"end":{"line":1067,"column":5}}},"91":{"name":"(anonymous_91)","decl":{"start":{"line":1044,"column":16},"end":{"line":1044,"column":17}},"loc":{"start":{"line":1044,"column":35},"end":{"line":1044,"column":66}}},"92":{"name":"(anonymous_92)","decl":{"start":{"line":1045,"column":16},"end":{"line":1045,"column":17}},"loc":{"start":{"line":1045,"column":29},"end":{"line":1050,"column":13}}},"93":{"name":"(anonymous_93)","decl":{"start":{"line":1069,"column":14},"end":{"line":1069,"column":21}},"loc":{"start":{"line":1073,"column":21},"end":{"line":1122,"column":5}}},"94":{"name":"(anonymous_94)","decl":{"start":{"line":1080,"column":21},"end":{"line":1080,"column":22}},"loc":{"start":{"line":1081,"column":16},"end":{"line":1083,"column":24}}},"95":{"name":"(anonymous_95)","decl":{"start":{"line":1084,"column":21},"end":{"line":1084,"column":22}},"loc":{"start":{"line":1084,"column":28},"end":{"line":1084,"column":72}}},"96":{"name":"(anonymous_96)","decl":{"start":{"line":1096,"column":27},"end":{"line":1096,"column":28}},"loc":{"start":{"line":1096,"column":37},"end":{"line":1103,"column":13}}},"97":{"name":"(anonymous_97)","decl":{"start":{"line":1104,"column":21},"end":{"line":1104,"column":24}},"loc":{"start":{"line":1104,"column":26},"end":{"line":1109,"column":13}}},"98":{"name":"(anonymous_98)","decl":{"start":{"line":1110,"column":31},"end":{"line":1110,"column":32}},"loc":{"start":{"line":1110,"column":40},"end":{"line":1120,"column":13}}},"99":{"name":"(anonymous_99)","decl":{"start":{"line":1112,"column":55},"end":{"line":1112,"column":56}},"loc":{"start":{"line":1112,"column":68},"end":{"line":1118,"column":21}}},"100":{"name":"(anonymous_100)","decl":{"start":{"line":1114,"column":39},"end":{"line":1114,"column":42}},"loc":{"start":{"line":1114,"column":44},"end":{"line":1116,"column":29}}},"101":{"name":"(anonymous_101)","decl":{"start":{"line":1124,"column":14},"end":{"line":1124,"column":24}},"loc":{"start":{"line":1124,"column":55},"end":{"line":1139,"column":5}}},"102":{"name":"(anonymous_102)","decl":{"start":{"line":1141,"column":14},"end":{"line":1141,"column":24}},"loc":{"start":{"line":1143,"column":42},"end":{"line":1166,"column":5}}},"103":{"name":"(anonymous_103)","decl":{"start":{"line":1153,"column":31},"end":{"line":1153,"column":32}},"loc":{"start":{"line":1153,"column":52},"end":{"line":1158,"column":23}}},"104":{"name":"(anonymous_104)","decl":{"start":{"line":1159,"column":31},"end":{"line":1159,"column":32}},"loc":{"start":{"line":1159,"column":38},"end":{"line":1159,"column":68}}},"105":{"name":"(anonymous_105)","decl":{"start":{"line":1161,"column":27},"end":{"line":1161,"column":28}},"loc":{"start":{"line":1161,"column":37},"end":{"line":1164,"column":19}}},"106":{"name":"(anonymous_106)","decl":{"start":{"line":1168,"column":14},"end":{"line":1168,"column":25}},"loc":{"start":{"line":1168,"column":39},"end":{"line":1170,"column":5}}},"107":{"name":"(anonymous_107)","decl":{"start":{"line":1172,"column":14},"end":{"line":1172,"column":30}},"loc":{"start":{"line":1176,"column":21},"end":{"line":1223,"column":5}}},"108":{"name":"(anonymous_108)","decl":{"start":{"line":1181,"column":21},"end":{"line":1181,"column":22}},"loc":{"start":{"line":1181,"column":34},"end":{"line":1221,"column":13}}},"109":{"name":"(anonymous_109)","decl":{"start":{"line":1183,"column":25},"end":{"line":1183,"column":26}},"loc":{"start":{"line":1183,"column":35},"end":{"line":1188,"column":21}}},"110":{"name":"(anonymous_110)","decl":{"start":{"line":1189,"column":28},"end":{"line":1189,"column":29}},"loc":{"start":{"line":1189,"column":42},"end":{"line":1189,"column":60}}},"111":{"name":"(anonymous_111)","decl":{"start":{"line":1190,"column":59},"end":{"line":1190,"column":60}},"loc":{"start":{"line":1190,"column":74},"end":{"line":1190,"column":79}}},"112":{"name":"(anonymous_112)","decl":{"start":{"line":1196,"column":33},"end":{"line":1196,"column":34}},"loc":{"start":{"line":1197,"column":28},"end":{"line":1197,"column":59}}},"113":{"name":"(anonymous_113)","decl":{"start":{"line":1200,"column":29},"end":{"line":1200,"column":30}},"loc":{"start":{"line":1200,"column":45},"end":{"line":1217,"column":25}}},"114":{"name":"(anonymous_114)","decl":{"start":{"line":1201,"column":45},"end":{"line":1201,"column":46}},"loc":{"start":{"line":1202,"column":32},"end":{"line":1209,"column":47}}},"115":{"name":"(anonymous_115)","decl":{"start":{"line":1219,"column":32},"end":{"line":1219,"column":33}},"loc":{"start":{"line":1219,"column":39},"end":{"line":1219,"column":54}}},"116":{"name":"(anonymous_116)","decl":{"start":{"line":1225,"column":12},"end":{"line":1225,"column":21}},"loc":{"start":{"line":1225,"column":46},"end":{"line":1254,"column":5}}},"117":{"name":"(anonymous_117)","decl":{"start":{"line":943,"column":20},"end":{"line":943,"column":21}},"loc":{"start":{"line":944,"column":16},"end":{"line":944,"column":90}}},"118":{"name":"getNearestScrollableParent","decl":{"start":{"line":1257,"column":9},"end":{"line":1257,"column":35}},"loc":{"start":{"line":1258,"column":24},"end":{"line":1271,"column":1}}},"119":{"name":"isElementInViewport","decl":{"start":{"line":1273,"column":9},"end":{"line":1273,"column":28}},"loc":{"start":{"line":1273,"column":49},"end":{"line":1281,"column":1}}}},"branchMap":{"0":{"loc":{"start":{"line":50,"column":8},"end":{"line":52,"column":9}},"type":"if","locations":[{"start":{"line":50,"column":8},"end":{"line":52,"column":9}}]},"1":{"loc":{"start":{"line":50,"column":12},"end":{"line":50,"column":65}},"type":"binary-expr","locations":[{"start":{"line":50,"column":12},"end":{"line":50,"column":26}},{"start":{"line":50,"column":30},"end":{"line":50,"column":65}}]},"2":{"loc":{"start":{"line":57,"column":8},"end":{"line":59,"column":9}},"type":"if","locations":[{"start":{"line":57,"column":8},"end":{"line":59,"column":9}}]},"3":{"loc":{"start":{"line":60,"column":8},"end":{"line":62,"column":9}},"type":"if","locations":[{"start":{"line":60,"column":8},"end":{"line":62,"column":9}}]},"4":{"loc":{"start":{"line":80,"column":4},"end":{"line":82,"column":5}},"type":"if","locations":[{"start":{"line":80,"column":4},"end":{"line":82,"column":5}}]},"5":{"loc":{"start":{"line":83,"column":4},"end":{"line":85,"column":5}},"type":"if","locations":[{"start":{"line":83,"column":4},"end":{"line":85,"column":5}}]},"6":{"loc":{"start":{"line":83,"column":8},"end":{"line":83,"column":61}},"type":"binary-expr","locations":[{"start":{"line":83,"column":8},"end":{"line":83,"column":22}},{"start":{"line":83,"column":26},"end":{"line":83,"column":61}}]},"7":{"loc":{"start":{"line":88,"column":8},"end":{"line":90,"column":9}},"type":"if","locations":[{"start":{"line":88,"column":8},"end":{"line":90,"column":9}}]},"8":{"loc":{"start":{"line":99,"column":4},"end":{"line":101,"column":5}},"type":"if","locations":[{"start":{"line":99,"column":4},"end":{"line":101,"column":5}}]},"9":{"loc":{"start":{"line":117,"column":24},"end":{"line":117,"column":53}},"type":"default-arg","locations":[{"start":{"line":117,"column":44},"end":{"line":117,"column":53}}]},"10":{"loc":{"start":{"line":131,"column":24},"end":{"line":131,"column":53}},"type":"default-arg","locations":[{"start":{"line":131,"column":44},"end":{"line":131,"column":53}}]},"11":{"loc":{"start":{"line":136,"column":8},"end":{"line":136,"column":25}},"type":"default-arg","locations":[{"start":{"line":136,"column":21},"end":{"line":136,"column":25}}]},"12":{"loc":{"start":{"line":137,"column":8},"end":{"line":137,"column":73}},"type":"default-arg","locations":[{"start":{"line":137,"column":63},"end":{"line":137,"column":73}}]},"13":{"loc":{"start":{"line":157,"column":24},"end":{"line":157,"column":53}},"type":"default-arg","locations":[{"start":{"line":157,"column":44},"end":{"line":157,"column":53}}]},"14":{"loc":{"start":{"line":162,"column":8},"end":{"line":162,"column":25}},"type":"default-arg","locations":[{"start":{"line":162,"column":21},"end":{"line":162,"column":25}}]},"15":{"loc":{"start":{"line":163,"column":8},"end":{"line":163,"column":73}},"type":"default-arg","locations":[{"start":{"line":163,"column":63},"end":{"line":163,"column":73}}]},"16":{"loc":{"start":{"line":180,"column":24},"end":{"line":180,"column":53}},"type":"default-arg","locations":[{"start":{"line":180,"column":44},"end":{"line":180,"column":53}}]},"17":{"loc":{"start":{"line":183,"column":35},"end":{"line":183,"column":52}},"type":"default-arg","locations":[{"start":{"line":183,"column":48},"end":{"line":183,"column":52}}]},"18":{"loc":{"start":{"line":194,"column":24},"end":{"line":194,"column":53}},"type":"default-arg","locations":[{"start":{"line":194,"column":44},"end":{"line":194,"column":53}}]},"19":{"loc":{"start":{"line":199,"column":8},"end":{"line":199,"column":25}},"type":"default-arg","locations":[{"start":{"line":199,"column":21},"end":{"line":199,"column":25}}]},"20":{"loc":{"start":{"line":200,"column":8},"end":{"line":200,"column":73}},"type":"default-arg","locations":[{"start":{"line":200,"column":63},"end":{"line":200,"column":73}}]},"21":{"loc":{"start":{"line":220,"column":24},"end":{"line":220,"column":53}},"type":"default-arg","locations":[{"start":{"line":220,"column":44},"end":{"line":220,"column":53}}]},"22":{"loc":{"start":{"line":225,"column":8},"end":{"line":225,"column":25}},"type":"default-arg","locations":[{"start":{"line":225,"column":21},"end":{"line":225,"column":25}}]},"23":{"loc":{"start":{"line":226,"column":8},"end":{"line":226,"column":73}},"type":"default-arg","locations":[{"start":{"line":226,"column":63},"end":{"line":226,"column":73}}]},"24":{"loc":{"start":{"line":243,"column":24},"end":{"line":243,"column":53}},"type":"default-arg","locations":[{"start":{"line":243,"column":44},"end":{"line":243,"column":53}}]},"25":{"loc":{"start":{"line":248,"column":8},"end":{"line":248,"column":25}},"type":"default-arg","locations":[{"start":{"line":248,"column":21},"end":{"line":248,"column":25}}]},"26":{"loc":{"start":{"line":249,"column":8},"end":{"line":249,"column":73}},"type":"default-arg","locations":[{"start":{"line":249,"column":63},"end":{"line":249,"column":73}}]},"27":{"loc":{"start":{"line":302,"column":21},"end":{"line":302,"column":39}},"type":"binary-expr","locations":[{"start":{"line":302,"column":21},"end":{"line":302,"column":31}},{"start":{"line":302,"column":35},"end":{"line":302,"column":39}}]},"28":{"loc":{"start":{"line":304,"column":29},"end":{"line":304,"column":75}},"type":"binary-expr","locations":[{"start":{"line":304,"column":29},"end":{"line":304,"column":41}},{"start":{"line":304,"column":45},"end":{"line":304,"column":75}}]},"29":{"loc":{"start":{"line":307,"column":12},"end":{"line":309,"column":68}},"type":"cond-expr","locations":[{"start":{"line":308,"column":18},"end":{"line":308,"column":31}},{"start":{"line":309,"column":18},"end":{"line":309,"column":68}}]},"30":{"loc":{"start":{"line":309,"column":48},"end":{"line":309,"column":67}},"type":"binary-expr","locations":[{"start":{"line":309,"column":48},"end":{"line":309,"column":61}},{"start":{"line":309,"column":65},"end":{"line":309,"column":67}}]},"31":{"loc":{"start":{"line":317,"column":16},"end":{"line":327,"column":17}},"type":"if","locations":[{"start":{"line":317,"column":16},"end":{"line":327,"column":17}}]},"32":{"loc":{"start":{"line":318,"column":20},"end":{"line":323,"column":21}},"type":"if","locations":[{"start":{"line":318,"column":20},"end":{"line":323,"column":21}}]},"33":{"loc":{"start":{"line":334,"column":26},"end":{"line":334,"column":43}},"type":"default-arg","locations":[{"start":{"line":334,"column":39},"end":{"line":334,"column":43}}]},"34":{"loc":{"start":{"line":348,"column":8},"end":{"line":350,"column":9}},"type":"if","locations":[{"start":{"line":348,"column":8},"end":{"line":350,"column":9}}]},"35":{"loc":{"start":{"line":365,"column":21},"end":{"line":365,"column":80}},"type":"cond-expr","locations":[{"start":{"line":365,"column":45},"end":{"line":365,"column":50}},{"start":{"line":365,"column":53},"end":{"line":365,"column":80}}]},"36":{"loc":{"start":{"line":367,"column":8},"end":{"line":369,"column":9}},"type":"if","locations":[{"start":{"line":367,"column":8},"end":{"line":369,"column":9}}]},"37":{"loc":{"start":{"line":377,"column":8},"end":{"line":379,"column":9}},"type":"if","locations":[{"start":{"line":377,"column":8},"end":{"line":379,"column":9}}]},"38":{"loc":{"start":{"line":381,"column":8},"end":{"line":385,"column":9}},"type":"if","locations":[{"start":{"line":381,"column":8},"end":{"line":385,"column":9}}]},"39":{"loc":{"start":{"line":400,"column":8},"end":{"line":404,"column":9}},"type":"if","locations":[{"start":{"line":400,"column":8},"end":{"line":404,"column":9}}]},"40":{"loc":{"start":{"line":409,"column":8},"end":{"line":411,"column":9}},"type":"if","locations":[{"start":{"line":409,"column":8},"end":{"line":411,"column":9}}]},"41":{"loc":{"start":{"line":416,"column":8},"end":{"line":418,"column":9}},"type":"if","locations":[{"start":{"line":416,"column":8},"end":{"line":418,"column":9}}]},"42":{"loc":{"start":{"line":423,"column":8},"end":{"line":425,"column":9}},"type":"if","locations":[{"start":{"line":423,"column":8},"end":{"line":425,"column":9}}]},"43":{"loc":{"start":{"line":427,"column":23},"end":{"line":427,"column":52}},"type":"binary-expr","locations":[{"start":{"line":427,"column":23},"end":{"line":427,"column":39}},{"start":{"line":427,"column":43},"end":{"line":427,"column":52}}]},"44":{"loc":{"start":{"line":429,"column":8},"end":{"line":431,"column":9}},"type":"if","locations":[{"start":{"line":429,"column":8},"end":{"line":431,"column":9}}]},"45":{"loc":{"start":{"line":429,"column":12},"end":{"line":429,"column":69}},"type":"binary-expr","locations":[{"start":{"line":429,"column":12},"end":{"line":429,"column":28}},{"start":{"line":429,"column":32},"end":{"line":429,"column":69}}]},"46":{"loc":{"start":{"line":437,"column":8},"end":{"line":439,"column":9}},"type":"if","locations":[{"start":{"line":437,"column":8},"end":{"line":439,"column":9}}]},"47":{"loc":{"start":{"line":446,"column":8},"end":{"line":446,"column":25}},"type":"default-arg","locations":[{"start":{"line":446,"column":21},"end":{"line":446,"column":25}}]},"48":{"loc":{"start":{"line":447,"column":8},"end":{"line":447,"column":73}},"type":"default-arg","locations":[{"start":{"line":447,"column":63},"end":{"line":447,"column":73}}]},"49":{"loc":{"start":{"line":448,"column":8},"end":{"line":448,"column":31}},"type":"default-arg","locations":[{"start":{"line":448,"column":22},"end":{"line":448,"column":31}}]},"50":{"loc":{"start":{"line":463,"column":8},"end":{"line":465,"column":9}},"type":"if","locations":[{"start":{"line":463,"column":8},"end":{"line":465,"column":9}}]},"51":{"loc":{"start":{"line":473,"column":8},"end":{"line":473,"column":25}},"type":"default-arg","locations":[{"start":{"line":473,"column":21},"end":{"line":473,"column":25}}]},"52":{"loc":{"start":{"line":474,"column":8},"end":{"line":474,"column":73}},"type":"default-arg","locations":[{"start":{"line":474,"column":63},"end":{"line":474,"column":73}}]},"53":{"loc":{"start":{"line":475,"column":8},"end":{"line":475,"column":31}},"type":"default-arg","locations":[{"start":{"line":475,"column":22},"end":{"line":475,"column":31}}]},"54":{"loc":{"start":{"line":497,"column":8},"end":{"line":499,"column":9}},"type":"if","locations":[{"start":{"line":497,"column":8},"end":{"line":499,"column":9}}]},"55":{"loc":{"start":{"line":507,"column":8},"end":{"line":507,"column":73}},"type":"default-arg","locations":[{"start":{"line":507,"column":63},"end":{"line":507,"column":73}}]},"56":{"loc":{"start":{"line":510,"column":12},"end":{"line":512,"column":50}},"type":"cond-expr","locations":[{"start":{"line":511,"column":18},"end":{"line":511,"column":36}},{"start":{"line":512,"column":18},"end":{"line":512,"column":50}}]},"57":{"loc":{"start":{"line":514,"column":8},"end":{"line":516,"column":9}},"type":"if","locations":[{"start":{"line":514,"column":8},"end":{"line":516,"column":9}}]},"58":{"loc":{"start":{"line":518,"column":8},"end":{"line":522,"column":9}},"type":"if","locations":[{"start":{"line":518,"column":8},"end":{"line":522,"column":9}}]},"59":{"loc":{"start":{"line":518,"column":12},"end":{"line":518,"column":77}},"type":"binary-expr","locations":[{"start":{"line":518,"column":12},"end":{"line":518,"column":32}},{"start":{"line":518,"column":36},"end":{"line":518,"column":77}}]},"60":{"loc":{"start":{"line":531,"column":22},"end":{"line":531,"column":75}},"type":"binary-expr","locations":[{"start":{"line":531,"column":22},"end":{"line":531,"column":45}},{"start":{"line":531,"column":49},"end":{"line":531,"column":75}}]},"61":{"loc":{"start":{"line":552,"column":8},"end":{"line":552,"column":25}},"type":"default-arg","locations":[{"start":{"line":552,"column":21},"end":{"line":552,"column":25}}]},"62":{"loc":{"start":{"line":553,"column":8},"end":{"line":555,"column":35}},"type":"default-arg","locations":[{"start":{"line":555,"column":26},"end":{"line":555,"column":35}}]},"63":{"loc":{"start":{"line":556,"column":8},"end":{"line":556,"column":40}},"type":"default-arg","locations":[{"start":{"line":556,"column":31},"end":{"line":556,"column":40}}]},"64":{"loc":{"start":{"line":558,"column":8},"end":{"line":560,"column":9}},"type":"if","locations":[{"start":{"line":558,"column":8},"end":{"line":560,"column":9}}]},"65":{"loc":{"start":{"line":571,"column":8},"end":{"line":573,"column":9}},"type":"if","locations":[{"start":{"line":571,"column":8},"end":{"line":573,"column":9}}]},"66":{"loc":{"start":{"line":579,"column":21},"end":{"line":579,"column":75}},"type":"cond-expr","locations":[{"start":{"line":579,"column":46},"end":{"line":579,"column":52}},{"start":{"line":579,"column":55},"end":{"line":579,"column":75}}]},"67":{"loc":{"start":{"line":581,"column":8},"end":{"line":583,"column":9}},"type":"if","locations":[{"start":{"line":581,"column":8},"end":{"line":583,"column":9}}]},"68":{"loc":{"start":{"line":587,"column":8},"end":{"line":589,"column":9}},"type":"if","locations":[{"start":{"line":587,"column":8},"end":{"line":589,"column":9}}]},"69":{"loc":{"start":{"line":591,"column":8},"end":{"line":595,"column":9}},"type":"if","locations":[{"start":{"line":591,"column":8},"end":{"line":595,"column":9}}]},"70":{"loc":{"start":{"line":591,"column":12},"end":{"line":591,"column":77}},"type":"binary-expr","locations":[{"start":{"line":591,"column":12},"end":{"line":591,"column":32}},{"start":{"line":591,"column":36},"end":{"line":591,"column":77}}]},"71":{"loc":{"start":{"line":610,"column":8},"end":{"line":612,"column":9}},"type":"if","locations":[{"start":{"line":610,"column":8},"end":{"line":612,"column":9}}]},"72":{"loc":{"start":{"line":625,"column":8},"end":{"line":625,"column":25}},"type":"default-arg","locations":[{"start":{"line":625,"column":21},"end":{"line":625,"column":25}}]},"73":{"loc":{"start":{"line":626,"column":8},"end":{"line":626,"column":73}},"type":"default-arg","locations":[{"start":{"line":626,"column":63},"end":{"line":626,"column":73}}]},"74":{"loc":{"start":{"line":627,"column":8},"end":{"line":627,"column":40}},"type":"default-arg","locations":[{"start":{"line":627,"column":31},"end":{"line":627,"column":40}}]},"75":{"loc":{"start":{"line":629,"column":24},"end":{"line":629,"column":78}},"type":"cond-expr","locations":[{"start":{"line":629,"column":49},"end":{"line":629,"column":55}},{"start":{"line":629,"column":58},"end":{"line":629,"column":78}}]},"76":{"loc":{"start":{"line":631,"column":8},"end":{"line":633,"column":9}},"type":"if","locations":[{"start":{"line":631,"column":8},"end":{"line":633,"column":9}}]},"77":{"loc":{"start":{"line":635,"column":8},"end":{"line":639,"column":9}},"type":"if","locations":[{"start":{"line":635,"column":8},"end":{"line":639,"column":9}}]},"78":{"loc":{"start":{"line":654,"column":8},"end":{"line":656,"column":9}},"type":"if","locations":[{"start":{"line":654,"column":8},"end":{"line":656,"column":9}}]},"79":{"loc":{"start":{"line":679,"column":8},"end":{"line":679,"column":25}},"type":"default-arg","locations":[{"start":{"line":679,"column":21},"end":{"line":679,"column":25}}]},"80":{"loc":{"start":{"line":680,"column":8},"end":{"line":680,"column":73}},"type":"default-arg","locations":[{"start":{"line":680,"column":63},"end":{"line":680,"column":73}}]},"81":{"loc":{"start":{"line":681,"column":8},"end":{"line":681,"column":40}},"type":"default-arg","locations":[{"start":{"line":681,"column":31},"end":{"line":681,"column":40}}]},"82":{"loc":{"start":{"line":683,"column":26},"end":{"line":683,"column":80}},"type":"cond-expr","locations":[{"start":{"line":683,"column":51},"end":{"line":683,"column":57}},{"start":{"line":683,"column":60},"end":{"line":683,"column":80}}]},"83":{"loc":{"start":{"line":684,"column":8},"end":{"line":686,"column":9}},"type":"if","locations":[{"start":{"line":684,"column":8},"end":{"line":686,"column":9}}]},"84":{"loc":{"start":{"line":689,"column":12},"end":{"line":691,"column":53}},"type":"cond-expr","locations":[{"start":{"line":690,"column":18},"end":{"line":690,"column":39}},{"start":{"line":691,"column":18},"end":{"line":691,"column":53}}]},"85":{"loc":{"start":{"line":693,"column":8},"end":{"line":695,"column":9}},"type":"if","locations":[{"start":{"line":693,"column":8},"end":{"line":695,"column":9}}]},"86":{"loc":{"start":{"line":697,"column":27},"end":{"line":699,"column":23}},"type":"cond-expr","locations":[{"start":{"line":698,"column":14},"end":{"line":698,"column":42}},{"start":{"line":699,"column":14},"end":{"line":699,"column":23}}]},"87":{"loc":{"start":{"line":701,"column":8},"end":{"line":703,"column":9}},"type":"if","locations":[{"start":{"line":701,"column":8},"end":{"line":703,"column":9}}]},"88":{"loc":{"start":{"line":704,"column":8},"end":{"line":720,"column":9}},"type":"if","locations":[{"start":{"line":704,"column":8},"end":{"line":720,"column":9}},{"start":{"line":714,"column":15},"end":{"line":720,"column":9}}]},"89":{"loc":{"start":{"line":708,"column":17},"end":{"line":708,"column":59}},"type":"cond-expr","locations":[{"start":{"line":708,"column":53},"end":{"line":708,"column":55}},{"start":{"line":708,"column":58},"end":{"line":708,"column":59}}]},"90":{"loc":{"start":{"line":737,"column":8},"end":{"line":739,"column":9}},"type":"if","locations":[{"start":{"line":737,"column":8},"end":{"line":739,"column":9}}]},"91":{"loc":{"start":{"line":747,"column":8},"end":{"line":747,"column":25}},"type":"default-arg","locations":[{"start":{"line":747,"column":21},"end":{"line":747,"column":25}}]},"92":{"loc":{"start":{"line":748,"column":8},"end":{"line":748,"column":73}},"type":"default-arg","locations":[{"start":{"line":748,"column":63},"end":{"line":748,"column":73}}]},"93":{"loc":{"start":{"line":749,"column":8},"end":{"line":749,"column":40}},"type":"default-arg","locations":[{"start":{"line":749,"column":31},"end":{"line":749,"column":40}}]},"94":{"loc":{"start":{"line":751,"column":21},"end":{"line":751,"column":75}},"type":"cond-expr","locations":[{"start":{"line":751,"column":46},"end":{"line":751,"column":52}},{"start":{"line":751,"column":55},"end":{"line":751,"column":75}}]},"95":{"loc":{"start":{"line":753,"column":8},"end":{"line":755,"column":9}},"type":"if","locations":[{"start":{"line":753,"column":8},"end":{"line":755,"column":9}}]},"96":{"loc":{"start":{"line":777,"column":8},"end":{"line":779,"column":9}},"type":"if","locations":[{"start":{"line":777,"column":8},"end":{"line":779,"column":9}}]},"97":{"loc":{"start":{"line":801,"column":24},"end":{"line":803,"column":25}},"type":"if","locations":[{"start":{"line":801,"column":24},"end":{"line":803,"column":25}}]},"98":{"loc":{"start":{"line":832,"column":8},"end":{"line":832,"column":73}},"type":"default-arg","locations":[{"start":{"line":832,"column":63},"end":{"line":832,"column":73}}]},"99":{"loc":{"start":{"line":835,"column":8},"end":{"line":837,"column":9}},"type":"if","locations":[{"start":{"line":835,"column":8},"end":{"line":837,"column":9}}]},"100":{"loc":{"start":{"line":839,"column":8},"end":{"line":843,"column":9}},"type":"if","locations":[{"start":{"line":839,"column":8},"end":{"line":843,"column":9}}]},"101":{"loc":{"start":{"line":839,"column":12},"end":{"line":839,"column":75}},"type":"binary-expr","locations":[{"start":{"line":839,"column":12},"end":{"line":839,"column":31}},{"start":{"line":839,"column":35},"end":{"line":839,"column":75}}]},"102":{"loc":{"start":{"line":845,"column":12},"end":{"line":845,"column":55}},"type":"cond-expr","locations":[{"start":{"line":845,"column":39},"end":{"line":845,"column":47}},{"start":{"line":845,"column":50},"end":{"line":845,"column":55}}]},"103":{"loc":{"start":{"line":857,"column":8},"end":{"line":860,"column":9}},"type":"if","locations":[{"start":{"line":857,"column":8},"end":{"line":860,"column":9}}]},"104":{"loc":{"start":{"line":872,"column":8},"end":{"line":876,"column":9}},"type":"if","locations":[{"start":{"line":872,"column":8},"end":{"line":876,"column":9}}]},"105":{"loc":{"start":{"line":872,"column":12},"end":{"line":872,"column":57}},"type":"binary-expr","locations":[{"start":{"line":872,"column":12},"end":{"line":872,"column":25}},{"start":{"line":872,"column":29},"end":{"line":872,"column":57}}]},"106":{"loc":{"start":{"line":989,"column":12},"end":{"line":991,"column":45}},"type":"cond-expr","locations":[{"start":{"line":990,"column":18},"end":{"line":990,"column":61}},{"start":{"line":991,"column":18},"end":{"line":991,"column":45}}]},"107":{"loc":{"start":{"line":1001,"column":16},"end":{"line":1003,"column":17}},"type":"if","locations":[{"start":{"line":1001,"column":16},"end":{"line":1003,"column":17}}]},"108":{"loc":{"start":{"line":1011,"column":8},"end":{"line":1019,"column":9}},"type":"if","locations":[{"start":{"line":1011,"column":8},"end":{"line":1019,"column":9}}]},"109":{"loc":{"start":{"line":1026,"column":16},"end":{"line":1031,"column":17}},"type":"if","locations":[{"start":{"line":1026,"column":16},"end":{"line":1031,"column":17}}]},"110":{"loc":{"start":{"line":1046,"column":16},"end":{"line":1048,"column":17}},"type":"if","locations":[{"start":{"line":1046,"column":16},"end":{"line":1048,"column":17}}]},"111":{"loc":{"start":{"line":1053,"column":8},"end":{"line":1055,"column":9}},"type":"if","locations":[{"start":{"line":1053,"column":8},"end":{"line":1055,"column":9}}]},"112":{"loc":{"start"
[...]
:1278,"column":50}}]},"133":{"loc":{"start":{"line":1280,"column":11},"end":{"line":1280,"column":37}},"type":"binary-expr","locations":[{"start":{"line":1280,"column":11},"end":{"line":1280,"column":22}},{"start":{"line":1280,"column":26},"end":{"line":1280,"column":37}}]}},"s":{"0":1,"1":1,"2":1,"3":1,"4":45,"5":45,"6":45,"7":9,"8":0,"9":9,"10":5,"11":0,"12":5,"13":0,"14":5,"15":5,"16":5,"17":5,"18":1,"19":36,"20":18,"21":18,"22":0,"23":18,"24":18,"25":18,"26":18,"27":17,"28":17,"29":0,"30":17,"31":9,"32":9,"33":1,"34":5,"35":5,"36":5,"37":5,"38":2,"39":1,"40":2,"41":2,"42":2,"43":2,"44":1,"45":1,"46":3,"47":3,"48":3,"49":1,"50":1,"51":5,"52":5,"53":5,"54":2,"55":2,"56":1,"57":2,"58":2,"59":2,"60":2,"61":1,"62":1,"63":3,"64":3,"65":3,"66":2,"67":1,"68":1,"69":18,"70":18,"71":18,"72":18,"73":18,"74":10,"75":6,"76":1,"77":6,"78":6,"79":6,"80":6,"81":6,"82":6,"83":6,"84":6,"85":6,"86":6,"87":6,"88":6,"89":32,"90":32,"91":32,"92":32,"93":18,"94":0,"95":18,"96":18,"97":18,"98":14,"99":6,"100":6,"101":6,"102":6,"103":6,"104":6,"105":6,"106":6,"107":6,"108":6,"109":3,"110":3,"111":3,"112":3,"113":3,"114":1,"115":2,"116":40,"117":0,"118":40,"119":35,"120":35,"121":35,"122":5,"123":5,"124":5,"125":3,"126":5,"127":5,"128":73,"129":73,"130":14,"131":14,"132":14,"133":59,"134":7,"135":0,"136":7,"137":7,"138":0,"139":7,"140":25,"141":3,"142":22,"143":22,"144":0,"145":22,"146":19,"147":6,"148":6,"149":0,"150":6,"151":2,"152":4,"153":3,"154":3,"155":3,"156":3,"157":3,"158":0,"159":1,"160":1,"161":1,"162":1,"163":1,"164":1,"165":0,"166":6,"167":6,"168":1,"169":5,"170":0,"171":5,"172":5,"173":4,"174":5,"175":5,"176":5,"177":5,"178":8,"179":5,"180":5,"181":3,"182":0,"183":3,"184":2,"185":2,"186":2,"187":2,"188":2,"189":4,"190":4,"191":1,"192":3,"193":3,"194":0,"195":3,"196":0,"197":3,"198":6,"199":3,"200":3,"201":3,"202":3,"203":3,"204":3,"205":1,"206":3,"207":0,"208":3,"209":1,"210":4,"211":4,"212":1,"213":3,"214":0,"215":0,"216":3,"217":3,"218":3,"219":3,"220":3,"221":3,"222":0,"223":1,"224":1,"225":0,"226":1,"227":1,"228":1,"229":0,"230":1,"231":1,"232":0,"233":1,"234":0,"235":0,"236":0,"237":1,"238":1,"239":1,"240":1,"241":1,"242":1,"243":2,"244":3,"245":3,"246":1,"247":2,"248":2,"249":2,"250":0,"251":2,"252":2,"253":2,"254":2,"255":2,"256":2,"257":18,"258":18,"259":18,"260":1,"261":3,"262":3,"263":3,"264":1,"265":2,"266":2,"267":2,"268":2,"269":1,"270":3,"271":1,"272":0,"273":19,"274":19,"275":13,"276":6,"277":0,"278":6,"279":6,"280":6,"281":6,"282":6,"283":6,"284":4,"285":4,"286":6,"287":25,"288":25,"289":9,"290":8,"291":0,"292":0,"293":0,"294":0,"295":0,"296":0,"297":0,"298":0,"299":0,"300":0,"301":0,"302":0,"303":1,"304":4,"305":4,"306":4,"307":4,"308":4,"309":4,"310":0,"311":4,"312":4,"313":4,"314":0,"315":4,"316":4,"317":4,"318":4,"319":11,"320":11,"321":0,"322":11,"323":11,"324":11,"325":4,"326":4,"327":4,"328":4,"329":0,"330":11,"331":4,"332":4,"333":1,"334":1,"335":1,"336":3,"337":27,"338":27,"339":54,"340":54,"341":38,"342":54,"343":27,"344":27,"345":0,"346":27,"347":27,"348":27,"349":27,"350":23,"351":50,"352":27,"353":1,"354":1,"355":1,"356":2,"357":2,"358":2,"359":27,"360":23,"361":3,"362":0,"363":27,"364":27,"365":27,"366":27,"367":27,"368":34,"369":19,"370":15,"371":34,"372":2,"373":2,"374":54,"375":27,"376":27,"377":17,"378":16,"379":16,"380":17,"381":16,"382":17,"383":20,"384":16,"385":31,"386":16,"387":48,"388":0,"389":0,"390":0,"391":0,"392":0,"393":0,"394":0,"395":0,"396":0,"397":0,"398":0,"399":0,"400":0,"401":0,"402":1,"403":1,"404":77,"405":0,"406":0,"407":0,"408":0,"409":0,"410":0,"411":0,"412":0,"413":0,"414":0,"415":0,"416":0,"417":0},"f":{"0":45,"1":9,"2":5,"3":5,"4":5,"5":36,"6":17,"7":9,"8":3,"9":5,"10":2,"11":5,"12":2,"13":1,"14":2,"15":3,"16":1,"17":5,"18":2,"19":2,"20":2,"21":1,"22":2,"23":3,"24":1,"25":2,"26":18,"27":10,"28":6,"29":6,"30":32,"31":6,"32":3,"33":3,"34":3,"35":40,"36":5,"37":3,"38":73,"39":7,"40":7,"41":25,"42":19,"43":6,"44":4,"45":2,"46":1,"47":0,"48":6,"49":0,"50":4,"51":8,"52":3,"53":4,"54":6,"55":3,"56":0,"57":4,"58":1,"59":0,"60":1,"61":0,"62":3,"63":2,"64":0,"65":18,"66":1,"67":3,"68":3,"69":3,"70":2,"71":3,"72":19,"73":0,"74":6,"75":6,"76":25,"77":8,"78":0,"79":0,"80":4,"81":0,"82":0,"83":11,"84":11,"85":4,"86":0,"87":11,"88":4,"89":1,"90":27,"91":54,"92":54,"93":27,"94":23,"95":50,"96":1,"97":2,"98":27,"99":23,"100":0,"101":27,"102":27,"103":34,"104":34,"105":2,"106":54,"107":27,"108":17,"109":16,"110":16,"111":16,"112":20,"113":16,"114":31,"115":48,"116":0,"117":77,"118":0,"119":0},"b":{"0":[0],"1":[9,9],"2":[0],"3":[0],"4":[18],"5":[0],"6":[18,18],"7":[18],"8":[0],"9":[9],"10":[5],"11":[2],"12":[2],"13":[2],"14":[1],"15":[1],"16":[3],"17":[1],"18":[5],"19":[2],"20":[2],"21":[2],"22":[1],"23":[1],"24":[3],"25":[1],"26":[1],"27":[6,6],"28":[6,6],"29":[0,6],"30":[6,4],"31":[18],"32":[0],"33":[0],"34":[6],"35":[2,1],"36":[1],"37":[0],"38":[35],"39":[14],"40":[0],"41":[0],"42":[3],"43":[22,6],"44":[0],"45":[22,22],"46":[0],"47":[2],"48":[2],"49":[4],"50":[3],"51":[0],"52":[0],"53":[1],"54":[1],"55":[0],"56":[3,3],"57":[1],"58":[0],"59":[5,5],"60":[5,4],"61":[2],"62":[3],"63":[3],"64":[0],"65":[2],"66":[1,3],"67":[1],"68":[0],"69":[0],"70":[3,3],"71":[1],"72":[2],"73":[2],"74":[4],"75":[0,4],"76":[1],"77":[0],"78":[3],"79":[0],"80":[0],"81":[1],"82":[0,1],"83":[0],"84":[1,0],"85":[0],"86":[0,1],"87":[0],"88":[0,1],"89":[0,0],"90":[1],"91":[2],"92":[2],"93":[3],"94":[0,3],"95":[1],"96":[2],"97":[1],"98":[0],"99":[13],"100":[0],"101":[6,6],"102":[6,0],"103":[4],"104":[9],"105":[25,16],"106":[0,4],"107":[0],"108":[4],"109":[1],"110":[38],"111":[0],"112":[10,13],"113":[10,0],"114":[2],"115":[3],"116":[3,24],"117":[3,24],"118":[19],"119":[19,1],"120":[0,31],"121":[15,1],"122":[0],"123":[0],"124":[0],"125":[0,0],"126":[0,0],"127":[0],"128":[0,0],"129":[0,0],"130":[0,0],"131":[0,0],"132":[0,0],"133":[0,0]}}
,"/home/greinisch/Projects/w3nest/esm/rx-tree-view/src/lib/index.ts": {"path":"/home/greinisch/Projects/w3nest/esm/rx-tree-view/src/lib/index.ts","statementMap":{"0":{"start":{"line":1,"column":0},"end":{"line":1,"column":54}},"1":{"start":{"line":2,"column":0},"end":{"line":2,"column":44}}},"fnMap":{},"branchMap":{},"s":{"0":1,"1":1},"f":{},"b":{}}
,"/home/greinisch/Projects/w3nest/esm/rx-tree-view/src/lib/object-js.view.ts": {"path":"/home/greinisch/Projects/w3nest/esm/rx-tree-view/src/lib/object-js.view.ts","statementMap":{"0":{"start":{"line":344,"column":0},"end":{"line":344,"column":16}},"1":{"start":{"line":1,"column":0},"end":{"line":1,"column":59}},"2":{"start":{"line":2,"column":0},"end":{"line":2,"column":34}},"3":{"start":{"line":12,"column":4},"end":{"line":14,"column":5}},"4":{"start":{"line":13,"column":8},"end":{"line":13,"column":null}},"5":{"start":{"line":16,"column":4},"end":{"line":18,"column":5}},"6":{"start":{"line":17,"column":8},"end":{"line":17,"column":null}},"7":{"start":{"line":20,"column":4},"end":{"line":22,"column":5}},"8":{"start":{"line":21,"column":8},"end":{"line":21,"column":null}},"9":{"start":{"line":24,"column":4},"end":{"line":26,"column":5}},"10":{"start":{"line":25,"column":8},"end":{"line":25,"column":null}},"11":{"start":{"line":28,"column":4},"end":{"line":30,"column":5}},"12":{"start":{"line":29,"column":8},"end":{"line":29,"column":null}},"13":{"start":{"line":32,"column":4},"end":{"line":34,"column":5}},"14":{"start":{"line":33,"column":8},"end":{"line":33,"column":null}},"15":{"start":{"line":36,"column":4},"end":{"line":38,"column":5}},"16":{"start":{"line":37,"column":8},"end":{"line":37,"column":null}},"17":{"start":{"line":40,"column":4},"end":{"line":42,"column":5}},"18":{"start":{"line":41,"column":8},"end":{"line":41,"column":null}},"19":{"start":{"line":44,"column":4},"end":{"line":44,"column":null}},"20":{"start":{"line":65,"column":8},"end":{"line":65,"column":72}},"21":{"start":{"line":66,"column":8},"end":{"line":66,"column":null}},"22":{"start":{"line":67,"column":8},"end":{"line":67,"column":null}},"23":{"start":{"line":68,"column":8},"end":{"line":68,"column":null}},"24":{"start":{"line":47,"column":0},"end":{"line":47,"column":13}},"25":{"start":{"line":82,"column":8},"end":{"line":82,"column":null}},"26":{"start":{"line":72,"column":0},"end":{"line":72,"column":13}},"27":{"start":{"line":96,"column":8},"end":{"line":96,"column":null}},"28":{"start":{"line":86,"column":0},"end":{"line":86,"column":13}},"29":{"start":{"line":117,"column":8},"end":{"line":117,"column":null}},"30":{"start":{"line":118,"column":8},"end":{"line":118,"column":null}},"31":{"start":{"line":100,"column":0},"end":{"line":100,"column":13}},"32":{"start":{"line":134,"column":8},"end":{"line":134,"column":null}},"33":{"start":{"line":122,"column":0},"end":{"line":122,"column":13}},"34":{"start":{"line":150,"column":8},"end":{"line":150,"column":null}},"35":{"start":{"line":138,"column":0},"end":{"line":138,"column":13}},"36":{"start":{"line":166,"column":8},"end":{"line":166,"column":null}},"37":{"start":{"line":154,"column":0},"end":{"line":154,"column":13}},"38":{"start":{"line":182,"column":8},"end":{"line":182,"column":null}},"39":{"start":{"line":170,"column":0},"end":{"line":170,"column":13}},"40":{"start":{"line":202,"column":8},"end":{"line":202,"column":null}},"41":{"start":{"line":203,"column":8},"end":{"line":203,"column":null}},"42":{"start":{"line":186,"column":0},"end":{"line":186,"column":13}},"43":{"start":{"line":209,"column":39},"end":{"line":209,"column":41}},"44":{"start":{"line":210,"column":8},"end":{"line":212,"column":9}},"45":{"start":{"line":211,"column":12},"end":{"line":211,"column":null}},"46":{"start":{"line":213,"column":40},"end":{"line":213,"column":42}},"47":{"start":{"line":214,"column":8},"end":{"line":230,"column":9}},"48":{"start":{"line":216,"column":12},"end":{"line":224,"column":null}},"49":{"start":{"line":219,"column":20},"end":{"line":223,"column":22}},"50":{"start":{"line":226,"column":12},"end":{"line":229,"column":null}},"51":{"start":{"line":231,"column":8},"end":{"line":231,"column":null}},"52":{"start":{"line":247,"column":8},"end":{"line":253,"column":null}},"53":{"start":{"line":250,"column":47},"end":{"line":250,"column":71}},"54":{"start":{"line":254,"column":8},"end":{"line":254,"column":null}},"55":{"start":{"line":207,"column":0},"end":{"line":207,"column":13}},"56":{"start":{"line":272,"column":8},"end":{"line":284,"column":null}},"57":{"start":{"line":277,"column":20},"end":{"line":278,"column":null}},"58":{"start":{"line":278,"column":24},"end":{"line":278,"column":58}},"59":{"start":{"line":285,"column":8},"end":{"line":285,"column":null}},"60":{"start":{"line":258,"column":0},"end":{"line":258,"column":13}},"61":{"start":{"line":302,"column":8},"end":{"line":306,"column":null}},"62":{"start":{"line":289,"column":0},"end":{"line":289,"column":13}},"63":{"start":{"line":323,"column":8},"end":{"line":323,"column":null}},"64":{"start":{"line":334,"column":8},"end":{"line":340,"column":null}},"65":{"start":{"line":316,"column":0},"end":{"line":316,"column":13}},"66":{"start":{"line":317,"column":11},"end":{"line":320,"column":null}},"67":{"start":{"line":348,"column":4},"end":{"line":354,"column":5}},"68":{"start":{"line":349,"column":8},"end":{"line":353,"column":null}},"69":{"start":{"line":355,"column":18},"end":{"line":355,"column":20}},"70":{"start":{"line":356,"column":4},"end":{"line":361,"column":5}},"71":{"start":{"line":357,"column":8},"end":{"line":357,"column":null}},"72":{"start":{"line":358,"column":8},"end":{"line":360,"column":9}},"73":{"start":{"line":359,"column":12},"end":{"line":359,"column":null}},"74":{"start":{"line":363,"column":4},"end":{"line":365,"column":5}},"75":{"start":{"line":364,"column":8},"end":{"line":364,"column":null}},"76":{"start":{"line":367,"column":4},"end":{"line":369,"column":5}},"77":{"start":{"line":368,"column":8},"end":{"line":368,"column":null}},"78":{"start":{"line":371,"column":4},"end":{"line":373,"column":5}},"79":{"start":{"line":372,"column":8},"end":{"line":372,"column":null}},"80":{"start":{"line":375,"column":4},"end":{"line":377,"column":5}},"81":{"start":{"line":376,"column":8},"end":{"line":376,"column":null}},"82":{"start":{"line":379,"column":4},"end":{"line":381,"column":5}},"83":{"start":{"line":380,"column":8},"end":{"line":380,"column":null}},"84":{"start":{"line":383,"column":4},"end":{"line":400,"column":null}}},"fnMap":{"0":{"name":"nodeFactory","decl":{"start":{"line":7,"column":9},"end":{"line":7,"column":20}},"loc":{"start":{"line":10,"column":23},"end":{"line":45,"column":1}}},"1":{"name":"(anonymous_1)","decl":{"start":{"line":52,"column":4},"end":{"line":52,"column":16}},"loc":{"start":{"line":64,"column":5},"end":{"line":69,"column":5}}},"2":{"name":"(anonymous_2)","decl":{"start":{"line":73,"column":4},"end":{"line":73,"column":16}},"loc":{"start":{"line":81,"column":5},"end":{"line":83,"column":5}}},"3":{"name":"(anonymous_3)","decl":{"start":{"line":87,"column":4},"end":{"line":87,"column":16}},"loc":{"start":{"line":95,"column":5},"end":{"line":97,"column":5}}},"4":{"name":"(anonymous_4)","decl":{"start":{"line":104,"column":4},"end":{"line":104,"column":16}},"loc":{"start":{"line":116,"column":5},"end":{"line":119,"column":5}}},"5":{"name":"(anonymous_5)","decl":{"start":{"line":123,"column":4},"end":{"line":123,"column":16}},"loc":{"start":{"line":133,"column":5},"end":{"line":135,"column":5}}},"6":{"name":"(anonymous_6)","decl":{"start":{"line":139,"column":4},"end":{"line":139,"column":16}},"loc":{"start":{"line":149,"column":5},"end":{"line":151,"column":5}}},"7":{"name":"(anonymous_7)","decl":{"start":{"line":155,"column":4},"end":{"line":155,"column":16}},"loc":{"start":{"line":165,"column":5},"end":{"line":167,"column":5}}},"8":{"name":"(anonymous_8)","decl":{"start":{"line":171,"column":4},"end":{"line":171,"column":16}},"loc":{"start":{"line":181,"column":5},"end":{"line":183,"column":5}}},"9":{"name":"(anonymous_9)","decl":{"start":{"line":190,"column":4},"end":{"line":190,"column":16}},"loc":{"start":{"line":201,"column":5},"end":{"line":204,"column":5}}},"10":{"name":"(anonymous_10)","decl":{"start":{"line":208,"column":4},"end":{"line":208,"column":20}},"loc":{"start":{"line":208,"column":39},"end":{"line":232,"column":5}}},"11":{"name":"(anonymous_11)","decl":{"start":{"line":218,"column":16},"end":{"line":218,"column":17}},"loc":{"start":{"line":219,"column":20},"end":{"line":223,"column":22}}},"12":{"name":"(anonymous_12)","decl":{"start":{"line":236,"column":4},"end":{"line":236,"column":16}},"loc":{"start":{"line":246,"column":5},"end":{"line":255,"column":5}}},"13":{"name":"(anonymous_13)","decl":{"start":{"line":250,"column":40},"end":{"line":250,"column":41}},"loc":{"start":{"line":250,"column":47},"end":{"line":250,"column":71}}},"14":{"name":"(anonymous_14)","decl":{"start":{"line":261,"column":4},"end":{"line":261,"column":16}},"loc":{"start":{"line":271,"column":5},"end":{"line":286,"column":5}}},"15":{"name":"(anonymous_15)","decl":{"start":{"line":276,"column":20},"end":{"line":276,"column":21}},"loc":{"start":{"line":277,"column":20},"end":{"line":278,"column":null}}},"16":{"name":"(anonymous_16)","decl":{"start":{"line":277,"column":42},"end":{"line":277,"column":43}},"loc":{"start":{"line":278,"column":24},"end":{"line":278,"column":58}}},"17":{"name":"(anonymous_17)","decl":{"start":{"line":292,"column":4},"end":{"line":292,"column":16}},"loc":{"start":{"line":301,"column":5},"end":{"line":307,"column":5}}},"18":{"name":"(anonymous_18)","decl":{"start":{"line":322,"column":4},"end":{"line":322,"column":10}},"loc":{"start":{"line":322,"column":51},"end":{"line":324,"column":5}}},"19":{"name":"(anonymous_19)","decl":{"start":{"line":326,"column":4},"end":{"line":326,"column":16}},"loc":{"start":{"line":333,"column":5},"end":{"line":341,"column":5}}},"20":{"name":"dataNodeHeaderView","decl":{"start":{"line":344,"column":16},"end":{"line":344,"column":34}},"loc":{"start":{"line":346,"column":18},"end":{"line":401,"column":1}}}},"branchMap":{"0":{"loc":{"start":{"line":12,"column":4},"end":{"line":14,"column":5}},"type":"if","locations":[{"start":{"line":12,"column":4},"end":{"line":14,"column":5}}]},"1":{"loc":{"start":{"line":16,"column":4},"end":{"line":18,"column":5}},"type":"if","locations":[{"start":{"line":16,"column":4},"end":{"line":18,"column":5}}]},"2":{"loc":{"start":{"line":20,"column":4},"end":{"line":22,"column":5}},"type":"if","locations":[{"start":{"line":20,"column":4},"end":{"line":22,"column":5}}]},"3":{"loc":{"start":{"line":24,"column":4},"end":{"line":26,"column":5}},"type":"if","locations":[{"start":{"line":24,"column":4},"end":{"line":26,"column":5}}]},"4":{"loc":{"start":{"line":28,"column":4},"end":{"line":30,"column":5}},"type":"if","locations":[{"start":{"line":28,"column":4},"end":{"line":30,"column":5}}]},"5":{"loc":{"start":{"line":32,"column":4},"end":{"line":34,"column":5}},"type":"if","locations":[{"start":{"line":32,"column":4},"end":{"line":34,"column":5}}]},"6":{"loc":{"start":{"line":36,"column":4},"end":{"line":38,"column":5}},"type":"if","locations":[{"start":{"line":36,"column":4},"end":{"line":38,"column":5}}]},"7":{"loc":{"start":{"line":40,"column":4},"end":{"line":42,"column":5}},"type":"if","locations":[{"start":{"line":40,"column":4},"end":{"line":42,"column":5}}]},"8":{"loc":{"start":{"line":65,"column":20},"end":{"line":65,"column":58}},"type":"binary-expr","locations":[{"start":{"line":65,"column":20},"end":{"line":65,"column":22}},{"start":{"line":65,"column":26},"end":{"line":65,"column":58}}]},"9":{"loc":{"start":{"line":323,"column":45},"end":{"line":323,"column":58}},"type":"binary-expr","locations":[{"start":{"line":323,"column":45},"end":{"line":323,"column":52}},{"start":{"line":323,"column":56},"end":{"line":323,"column":58}}]},"10":{"loc":{"start":{"line":348,"column":4},"end":{"line":354,"column":5}},"type":"if","locations":[{"start":{"line":348,"column":4},"end":{"line":354,"column":5}}]},"11":{"loc":{"start":{"line":356,"column":4},"end":{"line":361,"column":5}},"type":"if","locations":[{"start":{"line":356,"column":4},"end":{"line":361,"column":5}}]},"12":{"loc":{"start":{"line":358,"column":8},"end":{"line":360,"column":9}},"type":"if","locations":[{"start":{"line":358,"column":8},"end":{"line":360,"column":9}}]},"13":{"loc":{"start":{"line":363,"column":4},"end":{"line":365,"column":5}},"type":"if","locations":[{"start":{"line":363,"column":4},"end":{"line":365,"column":5}}]},"14":{"loc":{"start":{"line":367,"column":4},"end":{"line":369,"column":5}},"type":"if","locations":[{"start":{"line":367,"column":4},"end":{"line":369,"column":5}}]},"15":{"loc":{"start":{"line":371,"column":4},"end":{"line":373,"column":5}},"type":"if","locations":[{"start":{"line":371,"column":4},"end":{"line":373,"column":5}}]},"16":{"loc":{"start":{"line":375,"column":4},"end":{"line":377,"column":5}},"type":"if","locations":[{"start":{"line":375,"column":4},"end":{"line":377,"column":5}}]},"17":{"loc":{"start":{"line":379,"column":4},"end":{"line":381,"column":5}},"type":"if","locations":[{"start":{"line":379,"column":4},"end":{"line":381,"column":5}}]}},"s":{"0":1,"1":1,"2":1,"3":0,"4":0,"5":0,"6":0,"7":0,"8":0,"9":0,"10":0,"11":0,"12":0,"13":0,"14":0,"15":0,"16":0,"17":0,"18":0,"19":0,"20":0,"21":0,"22":0,"23":0,"24":1,"25":0,"26":1,"27":0,"28":1,"29":0,"30":0,"31":1,"32":0,"33":1,"34":0,"35":1,"36":0,"37":1,"38":0,"39":1,"40":0,"41":0,"42":1,"43":0,"44":0,"45":0,"46":0,"47":0,"48":0,"49":0,"50":0,"51":0,"52":0,"53":0,"54":0,"55":1,"56":0,"57":0,"58":0,"59":0,"60":1,"61":0,"62":1,"63":0,"64":0,"65":1,"66":1,"67":0,"68":0,"69":0,"70":0,"71":0,"72":0,"73":0,"74":0,"75":0,"76":0,"77":0,"78":0,"79":0,"80":0,"81":0,"82":0,"83":0,"84":0},"f":{"0":0,"1":0,"2":0,"3":0,"4":0,"5":0,"6":0,"7":0,"8":0,"9":0,"10":0,"11":0,"12":0,"13":0,"14":0,"15":0,"16":0,"17":0,"18":0,"19":0,"20":0},"b":{"0":[0],"1":[0],"2":[0],"3":[0],"4":[0],"5":[0],"6":[0],"7":[0],"8":[0,0],"9":[0,0],"10":[0],"11":[0],"12":[0],"13":[0],"14":[0],"15":[0],"16":[0],"17":[0]}}
}
