TN:
SF:src/auto-generated.ts
FN:44,(anonymous_0)
FN:61,(anonymous_1)
FN:65,(anonymous_2)
FN:73,(anonymous_3)
FN:79,(anonymous_4)
FN:83,(anonymous_5)
FN:99,(anonymous_6)
FN:105,(anonymous_7)
FN:109,(anonymous_8)
FN:115,(anonymous_9)
FNF:10
FNH:0
FNDA:0,(anonymous_0)
FNDA:0,(anonymous_1)
FNDA:0,(anonymous_2)
FNDA:0,(anonymous_3)
FNDA:0,(anonymous_4)
FNDA:0,(anonymous_5)
FNDA:0,(anonymous_6)
FNDA:0,(anonymous_7)
FNDA:0,(anonymous_8)
FNDA:0,(anonymous_9)
DA:2,1
DA:9,1
DA:21,1
DA:32,1
DA:40,1
DA:42,1
DA:44,0
DA:46,1
DA:62,0
DA:69,0
DA:70,0
DA:71,0
DA:73,0
DA:75,0
DA:80,0
DA:88,0
DA:89,0
DA:90,0
DA:92,0
DA:93,0
DA:97,0
DA:99,0
DA:101,0
DA:106,0
DA:110,0
DA:111,0
DA:113,0
DA:115,0
LF:28
LH:7
BRDA:69,0,0,0
BRDA:69,0,1,0
BRDA:70,1,0,0
BRDA:70,1,1,0
BRDA:72,2,0,0
BRDA:72,2,1,0
BRDA:89,3,0,0
BRDA:92,4,0,0
BRDA:92,4,1,0
BRDA:94,5,0,0
BRDA:94,5,1,0
BRDA:98,6,0,0
BRDA:98,6,1,0
BRDA:110,7,0,0
BRDA:110,8,0,0
BRDA:110,8,1,0
BRDA:113,9,0,0
BRDA:113,9,1,0
BRF:18
BRH:0
end_of_record
TN:
SF:src/index.ts
FN:2,(anonymous_0)
FNF:1
FNH:0
FNDA:0,(anonymous_0)
DA:1,1
DA:2,1
LF:2
LH:2
BRF:0
BRH:0
end_of_record
TN:
SF:src/lib/immutable-tree.view.ts
FN:36,(anonymous_0)
FN:49,(anonymous_1)
FN:56,(anonymous_2)
FN:66,(anonymous_3)
FN:70,(anonymous_4)
FN:76,find
FN:94,findResolved
FN:115,(anonymous_7)
FN:120,(anonymous_8)
FN:128,(anonymous_9)
FN:134,(anonymous_10)
FN:137,(anonymous_11)
FN:151,(anonymous_12)
FN:160,(anonymous_13)
FN:163,(anonymous_14)
FN:177,(anonymous_15)
FN:183,(anonymous_16)
FN:191,(anonymous_17)
FN:197,(anonymous_18)
FN:200,(anonymous_19)
FN:214,(anonymous_20)
FN:223,(anonymous_21)
FN:226,(anonymous_22)
FN:240,(anonymous_23)
FN:246,(anonymous_24)
FN:249,(anonymous_25)
FN:263,(anonymous_26)
FN:269,(anonymous_27)
FN:270,(anonymous_28)
FN:291,(anonymous_29)
FN:312,(anonymous_30)
FN:334,(anonymous_31)
FN:353,(anonymous_32)
FN:357,(anonymous_33)
FN:361,(anonymous_34)
FN:373,(anonymous_35)
FN:388,(anonymous_36)
FN:389,(anonymous_37)
FN:398,(anonymous_38)
FN:408,(anonymous_39)
FN:415,(anonymous_40)
FN:422,(anonymous_41)
FN:432,(anonymous_42)
FN:435,(anonymous_43)
FN:443,(anonymous_44)
FN:447,(anonymous_45)
FN:470,(anonymous_46)
FN:474,(anonymous_47)
FN:504,(anonymous_48)
FN:507,(anonymous_49)
FN:529,(anonymous_50)
FN:539,(anonymous_51)
FN:550,(anonymous_52)
FN:578,(anonymous_53)
FN:597,(anonymous_54)
FN:608,(anonymous_55)
FN:617,(anonymous_56)
FN:622,(anonymous_57)
FN:626,(anonymous_58)
FN:636,(anonymous_59)
FN:673,(anonymous_60)
FN:680,(anonymous_61)
FN:744,(anonymous_62)
FN:748,(anonymous_63)
FN:763,(anonymous_64)
FN:784,(anonymous_65)
FN:790,(anonymous_66)
FN:791,(anonymous_67)
FN:792,(anonymous_68)
FN:800,(anonymous_69)
FN:808,(anonymous_70)
FN:821,(anonymous_71)
FN:829,(anonymous_72)
FN:832,(anonymous_73)
FN:844,(anonymous_74)
FN:855,(anonymous_75)
FN:870,(anonymous_76)
FN:873,(anonymous_77)
FN:879,(anonymous_78)
FN:898,(anonymous_79)
FN:973,(anonymous_80)
FN:969,(anonymous_81)
FN:990,(anonymous_82)
FN:999,(anonymous_83)
FN:1004,(anonymous_84)
FN:1012,(anonymous_85)
FN:1014,(anonymous_86)
FN:1022,(anonymous_87)
FN:1024,(anonymous_88)
FN:1028,(anonymous_89)
FN:1037,(anonymous_90)
FN:1044,(anonymous_91)
FN:1045,(anonymous_92)
FN:1069,(anonymous_93)
FN:1080,(anonymous_94)
FN:1084,(anonymous_95)
FN:1096,(anonymous_96)
FN:1104,(anonymous_97)
FN:1110,(anonymous_98)
FN:1112,(anonymous_99)
FN:1114,(anonymous_100)
FN:1124,(anonymous_101)
FN:1141,(anonymous_102)
FN:1153,(anonymous_103)
FN:1159,(anonymous_104)
FN:1161,(anonymous_105)
FN:1168,(anonymous_106)
FN:1172,(anonymous_107)
FN:1181,(anonymous_108)
FN:1183,(anonymous_109)
FN:1189,(anonymous_110)
FN:1190,(anonymous_111)
FN:1196,(anonymous_112)
FN:1200,(anonymous_113)
FN:1201,(anonymous_114)
FN:1219,(anonymous_115)
FN:1225,(anonymous_116)
FN:943,(anonymous_117)
FN:1257,getNearestScrollableParent
FN:1273,isElementInViewport
FNF:120
FNH:104
FNDA:45,(anonymous_0)
FNDA:9,(anonymous_1)
FNDA:5,(anonymous_2)
FNDA:5,(anonymous_3)
FNDA:5,(anonymous_4)
FNDA:36,find
FNDA:17,findResolved
FNDA:9,(anonymous_7)
FNDA:3,(anonymous_8)
FNDA:5,(anonymous_9)
FNDA:2,(anonymous_10)
FNDA:5,(anonymous_11)
FNDA:2,(anonymous_12)
FNDA:1,(anonymous_13)
FNDA:2,(anonymous_14)
FNDA:3,(anonymous_15)
FNDA:1,(anonymous_16)
FNDA:5,(anonymous_17)
FNDA:2,(anonymous_18)
FNDA:2,(anonymous_19)
FNDA:2,(anonymous_20)
FNDA:1,(anonymous_21)
FNDA:2,(anonymous_22)
FNDA:3,(anonymous_23)
FNDA:1,(anonymous_24)
FNDA:2,(anonymous_25)
FNDA:18,(anonymous_26)
FNDA:10,(anonymous_27)
FNDA:6,(anonymous_28)
FNDA:6,(anonymous_29)
FNDA:32,(anonymous_30)
FNDA:6,(anonymous_31)
FNDA:3,(anonymous_32)
FNDA:3,(anonymous_33)
FNDA:3,(anonymous_34)
FNDA:40,(anonymous_35)
FNDA:5,(anonymous_36)
FNDA:3,(anonymous_37)
FNDA:73,(anonymous_38)
FNDA:7,(anonymous_39)
FNDA:7,(anonymous_40)
FNDA:25,(anonymous_41)
FNDA:19,(anonymous_42)
FNDA:6,(anonymous_43)
FNDA:4,(anonymous_44)
FNDA:2,(anonymous_45)
FNDA:1,(anonymous_46)
FNDA:0,(anonymous_47)
FNDA:6,(anonymous_48)
FNDA:0,(anonymous_49)
FNDA:4,(anonymous_50)
FNDA:8,(anonymous_51)
FNDA:3,(anonymous_52)
FNDA:4,(anonymous_53)
FNDA:6,(anonymous_54)
FNDA:3,(anonymous_55)
FNDA:0,(anonymous_56)
FNDA:4,(anonymous_57)
FNDA:1,(anonymous_58)
FNDA:0,(anonymous_59)
FNDA:1,(anonymous_60)
FNDA:0,(anonymous_61)
FNDA:3,(anonymous_62)
FNDA:2,(anonymous_63)
FNDA:0,(anonymous_64)
FNDA:18,(anonymous_65)
FNDA:1,(anonymous_66)
FNDA:3,(anonymous_67)
FNDA:3,(anonymous_68)
FNDA:3,(anonymous_69)
FNDA:2,(anonymous_70)
FNDA:3,(anonymous_71)
FNDA:19,(anonymous_72)
FNDA:0,(anonymous_73)
FNDA:6,(anonymous_74)
FNDA:6,(anonymous_75)
FNDA:25,(anonymous_76)
FNDA:8,(anonymous_77)
FNDA:0,(anonymous_78)
FNDA:0,(anonymous_79)
FNDA:4,(anonymous_80)
FNDA:0,(anonymous_81)
FNDA:0,(anonymous_82)
FNDA:11,(anonymous_83)
FNDA:11,(anonymous_84)
FNDA:4,(anonymous_85)
FNDA:0,(anonymous_86)
FNDA:11,(anonymous_87)
FNDA:4,(anonymous_88)
FNDA:1,(anonymous_89)
FNDA:27,(anonymous_90)
FNDA:54,(anonymous_91)
FNDA:54,(anonymous_92)
FNDA:27,(anonymous_93)
FNDA:23,(anonymous_94)
FNDA:50,(anonymous_95)
FNDA:1,(anonymous_96)
FNDA:2,(anonymous_97)
FNDA:27,(anonymous_98)
FNDA:23,(anonymous_99)
FNDA:0,(anonymous_100)
FNDA:27,(anonymous_101)
FNDA:27,(anonymous_102)
FNDA:34,(anonymous_103)
FNDA:34,(anonymous_104)
FNDA:2,(anonymous_105)
FNDA:54,(anonymous_106)
FNDA:27,(anonymous_107)
FNDA:17,(anonymous_108)
FNDA:16,(anonymous_109)
FNDA:16,(anonymous_110)
FNDA:16,(anonymous_111)
FNDA:20,(anonymous_112)
FNDA:16,(anonymous_113)
FNDA:31,(anonymous_114)
FNDA:48,(anonymous_115)
FNDA:0,(anonymous_116)
FNDA:77,(anonymous_117)
FNDA:0,getNearestScrollableParent
FNDA:0,isElementInViewport
DA:1,1
DA:10,1
DA:31,1
DA:43,45
DA:45,45
DA:46,45
DA:50,9
DA:51,0
DA:53,9
DA:57,5
DA:58,0
DA:60,5
DA:61,0
DA:64,5
DA:67,5
DA:68,5
DA:70,5
DA:76,1
DA:80,36
DA:81,18
DA:83,18
DA:84,0
DA:86,18
DA:87,18
DA:88,18
DA:89,18
DA:94,1
DA:98,17
DA:99,17
DA:100,0
DA:102,17
DA:114,1
DA:116,9
DA:117,9
DA:125,1
DA:129,5
DA:130,5
DA:131,5
DA:137,5
DA:139,2
DA:148,1
DA:152,2
DA:156,2
DA:157,2
DA:163,2
DA:165,1
DA:174,1
DA:178,3
DA:179,3
DA:180,3
DA:184,1
DA:188,1
DA:192,5
DA:193,5
DA:194,5
DA:200,2
DA:202,2
DA:211,1
DA:215,2
DA:216,2
DA:220,2
DA:226,2
DA:228,1
DA:237,1
DA:241,3
DA:242,3
DA:243,3
DA:249,2
DA:251,1
DA:260,1
DA:264,18
DA:265,18
DA:266,18
DA:267,18
DA:269,18
DA:270,10
DA:275,1
DA:276,6
DA:277,6
DA:278,6
DA:282,6
DA:283,6
DA:284,6
DA:285,6
DA:286,6
DA:302,6
DA:304,6
DA:306,6
DA:311,6
DA:313,32
DA:314,32
DA:316,32
DA:317,32
DA:318,18
DA:319,0
DA:324,18
DA:325,18
DA:326,18
DA:328,14
DA:331,6
DA:335,6
DA:336,6
DA:337,6
DA:338,6
DA:339,6
DA:340,6
DA:346,6
DA:348,6
DA:349,6
DA:354,3
DA:358,3
DA:365,3
DA:366,3
DA:367,3
DA:368,1
DA:370,2
DA:377,40
DA:378,0
DA:381,40
DA:382,35
DA:383,35
DA:384,35
DA:386,5
DA:387,5
DA:389,5
DA:390,3
DA:392,5
DA:393,5
DA:399,73
DA:400,73
DA:401,14
DA:402,14
DA:403,14
DA:405,59
DA:409,7
DA:410,0
DA:412,7
DA:416,7
DA:417,0
DA:419,7
DA:423,25
DA:424,3
DA:427,22
DA:429,22
DA:430,0
DA:432,22
DA:436,6
DA:437,6
DA:438,0
DA:440,6
DA:447,2
DA:450,4
DA:455,3
DA:461,3
DA:463,3
DA:464,3
DA:467,3
DA:474,0
DA:477,1
DA:482,1
DA:495,1
DA:497,1
DA:498,1
DA:501,1
DA:507,0
DA:510,6
DA:514,6
DA:515,1
DA:518,5
DA:519,0
DA:524,5
DA:528,5
DA:529,4
DA:531,5
DA:532,5
DA:534,5
DA:539,5
DA:540,8
DA:542,5
DA:547,5
DA:558,3
DA:559,0
DA:561,3
DA:563,2
DA:569,2
DA:571,2
DA:572,2
DA:575,2
DA:579,4
DA:581,4
DA:582,1
DA:585,3
DA:587,3
DA:588,0
DA:591,3
DA:592,0
DA:596,3
DA:597,6
DA:599,3
DA:606,3
DA:607,3
DA:608,3
DA:610,3
DA:611,1
DA:614,3
DA:617,0
DA:619,3
DA:626,1
DA:629,4
DA:631,4
DA:632,1
DA:635,3
DA:636,0
DA:637,0
DA:641,3
DA:646,3
DA:652,3
DA:654,3
DA:655,3
DA:658,3
DA:680,0
DA:683,1
DA:684,1
DA:685,0
DA:687,1
DA:689,1
DA:693,1
DA:694,0
DA:697,1
DA:701,1
DA:702,0
DA:704,1
DA:705,0
DA:707,0
DA:709,0
DA:715,1
DA:722,1
DA:735,1
DA:737,1
DA:738,1
DA:741,1
DA:748,2
DA:751,3
DA:753,3
DA:754,1
DA:757,2
DA:762,2
DA:763,2
DA:764,2
DA:769,2
DA:775,2
DA:777,2
DA:778,2
DA:781,2
DA:785,18
DA:786,18
DA:787,18
DA:791,1
DA:792,3
DA:798,3
DA:801,3
DA:802,1
DA:804,2
DA:805,2
DA:806,2
DA:809,2
DA:820,1
DA:821,3
DA:823,1
DA:832,0
DA:834,19
DA:835,19
DA:836,13
DA:839,6
DA:840,0
DA:844,6
DA:845,6
DA:848,6
DA:855,6
DA:857,6
DA:858,4
DA:859,4
DA:863,6
DA:871,25
DA:872,25
DA:873,9
DA:874,8
DA:880,0
DA:883,0
DA:886,0
DA:887,0
DA:888,0
DA:889,0
DA:892,0
DA:895,0
DA:898,0
DA:899,0
DA:901,0
DA:906,0
DA:940,1
DA:941,1
DA:944,77
DA:952,4
DA:955,4
DA:959,4
DA:960,4
DA:961,4
DA:969,4
DA:970,0
DA:986,4
DA:987,4
DA:988,4
DA:990,0
DA:993,4
DA:994,4
DA:995,4
DA:997,4
DA:1000,11
DA:1001,11
DA:1002,0
DA:1004,11
DA:1005,11
DA:1007,11
DA:1010,4
DA:1011,4
DA:1012,4
DA:1013,4
DA:1015,0
DA:1023,11
DA:1025,4
DA:1026,4
DA:1027,1
DA:1028,1
DA:1030,1
DA:1032,3
DA:1042,27
DA:1043,27
DA:1044,54
DA:1046,54
DA:1047,38
DA:1049,54
DA:1052,27
DA:1053,27
DA:1054,0
DA:1057,27
DA:1075,27
DA:1076,27
DA:1078,27
DA:1081,23
DA:1084,50
DA:1088,27
DA:1097,1
DA:1098,1
DA:1099,1
DA:1105,2
DA:1106,2
DA:1107,2
DA:1111,27
DA:1113,23
DA:1114,3
DA:1115,0
DA:1125,27
DA:1126,27
DA:1127,27
DA:1145,27
DA:1147,27
DA:1154,34
DA:1155,19
DA:1157,15
DA:1159,34
DA:1162,2
DA:1163,2
DA:1169,54
DA:1178,27
DA:1179,27
DA:1182,17
DA:1184,16
DA:1189,16
DA:1190,17
DA:1192,17
DA:1197,20
DA:1201,16
DA:1202,31
DA:1210,16
DA:1219,48
DA:1226,0
DA:1227,0
DA:1229,0
DA:1230,0
DA:1231,0
DA:1233,0
DA:1237,0
DA:1239,0
DA:1240,0
DA:1241,0
DA:1242,0
DA:1243,0
DA:1245,0
DA:1246,0
DA:1260,0
DA:1262,0
DA:1263,0
DA:1264,0
DA:1265,0
DA:1267,0
DA:1270,0
DA:1274,0
DA:1275,0
DA:1276,0
DA:1277,0
DA:1278,0
DA:1280,0
LF:412
LH:338
BRDA:50,0,0,0
BRDA:50,1,0,9
BRDA:50,1,1,9
BRDA:57,2,0,0
BRDA:60,3,0,0
BRDA:80,4,0,18
BRDA:83,5,0,0
BRDA:83,6,0,18
BRDA:83,6,1,18
BRDA:88,7,0,18
BRDA:99,8,0,0
BRDA:117,9,0,9
BRDA:131,10,0,5
BRDA:136,11,0,2
BRDA:137,12,0,2
BRDA:157,13,0,2
BRDA:162,14,0,1
BRDA:163,15,0,1
BRDA:180,16,0,3
BRDA:183,17,0,1
BRDA:194,18,0,5
BRDA:199,19,0,2
BRDA:200,20,0,2
BRDA:220,21,0,2
BRDA:225,22,0,1
BRDA:226,23,0,1
BRDA:243,24,0,3
BRDA:248,25,0,1
BRDA:249,26,0,1
BRDA:302,27,0,6
BRDA:302,27,1,6
BRDA:304,28,0,6
BRDA:304,28,1,6
BRDA:307,29,0,0
BRDA:307,29,1,6
BRDA:309,30,0,6
BRDA:309,30,1,4
BRDA:317,31,0,18
BRDA:318,32,0,0
BRDA:334,33,0,0
BRDA:348,34,0,6
BRDA:365,35,0,2
BRDA:365,35,1,1
BRDA:367,36,0,1
BRDA:377,37,0,0
BRDA:381,38,0,35
BRDA:400,39,0,14
BRDA:409,40,0,0
BRDA:416,41,0,0
BRDA:423,42,0,3
BRDA:427,43,0,22
BRDA:427,43,1,6
BRDA:429,44,0,0
BRDA:429,45,0,22
BRDA:429,45,1,22
BRDA:437,46,0,0
BRDA:446,47,0,2
BRDA:447,48,0,2
BRDA:448,49,0,4
BRDA:463,50,0,3
BRDA:473,51,0,0
BRDA:474,52,0,0
BRDA:475,53,0,1
BRDA:497,54,0,1
BRDA:507,55,0,0
BRDA:510,56,0,3
BRDA:510,56,1,3
BRDA:514,57,0,1
BRDA:518,58,0,0
BRDA:518,59,0,5
BRDA:518,59,1,5
BRDA:531,60,0,5
BRDA:531,60,1,4
BRDA:552,61,0,2
BRDA:553,62,0,3
BRDA:556,63,0,3
BRDA:558,64,0,0
BRDA:571,65,0,2
BRDA:579,66,0,1
BRDA:579,66,1,3
BRDA:581,67,0,1
BRDA:587,68,0,0
BRDA:591,69,0,0
BRDA:591,70,0,3
BRDA:591,70,1,3
BRDA:610,71,0,1
BRDA:625,72,0,2
BRDA:626,73,0,2
BRDA:627,74,0,4
BRDA:629,75,0,0
BRDA:629,75,1,4
BRDA:631,76,0,1
BRDA:635,77,0,0
BRDA:654,78,0,3
BRDA:679,79,0,0
BRDA:680,80,0,0
BRDA:681,81,0,1
BRDA:683,82,0,0
BRDA:683,82,1,1
BRDA:684,83,0,0
BRDA:689,84,0,1
BRDA:689,84,1,0
BRDA:693,85,0,0
BRDA:697,86,0,0
BRDA:697,86,1,1
BRDA:701,87,0,0
BRDA:704,88,0,0
BRDA:704,88,1,1
BRDA:708,89,0,0
BRDA:708,89,1,0
BRDA:737,90,0,1
BRDA:747,91,0,2
BRDA:748,92,0,2
BRDA:749,93,0,3
BRDA:751,94,0,0
BRDA:751,94,1,3
BRDA:753,95,0,1
BRDA:777,96,0,2
BRDA:801,97,0,1
BRDA:832,98,0,0
BRDA:835,99,0,13
BRDA:839,100,0,0
BRDA:839,101,0,6
BRDA:839,101,1,6
BRDA:845,102,0,6
BRDA:845,102,1,0
BRDA:857,103,0,4
BRDA:872,104,0,9
BRDA:872,105,0,25
BRDA:872,105,1,16
BRDA:989,106,0,0
BRDA:989,106,1,4
BRDA:1001,107,0,0
BRDA:1011,108,0,4
BRDA:1026,109,0,1
BRDA:1046,110,0,38
BRDA:1053,111,0,0
BRDA:1081,112,0,10
BRDA:1081,112,1,13
BRDA:1082,113,0,10
BRDA:1082,113,1,0
BRDA:1106,114,0,2
BRDA:1113,115,0,3
BRDA:1134,116,0,3
BRDA:1134,116,1,24
BRDA:1147,117,0,3
BRDA:1147,117,1,24
BRDA:1154,118,0,19
BRDA:1197,119,0,19
BRDA:1197,119,1,1
BRDA:1202,120,0,0
BRDA:1202,120,1,31
BRDA:1213,121,0,15
BRDA:1213,121,1,1
BRDA:1226,122,0,0
BRDA:1230,123,0,0
BRDA:1233,124,0,0
BRDA:1234,125,0,0
BRDA:1234,125,1,0
BRDA:1241,126,0,0
BRDA:1241,126,1,0
BRDA:1264,127,0,0
BRDA:1264,128,0,0
BRDA:1264,128,1,0
BRDA:1275,129,0,0
BRDA:1275,129,1,0
BRDA:1276,130,0,0
BRDA:1276,130,1,0
BRDA:1277,131,0,0
BRDA:1277,131,1,0
BRDA:1278,132,0,0
BRDA:1278,132,1,0
BRDA:1280,133,0,0
BRDA:1280,133,1,0
BRF:174
BRH:112
end_of_record
TN:
SF:src/lib/index.ts
FNF:0
FNH:0
DA:1,1
DA:2,1
LF:2
LH:2
BRF:0
BRH:0
end_of_record
TN:
SF:src/lib/object-js.view.ts
FN:7,nodeFactory
FN:52,(anonymous_1)
FN:73,(anonymous_2)
FN:87,(anonymous_3)
FN:104,(anonymous_4)
FN:123,(anonymous_5)
FN:139,(anonymous_6)
FN:155,(anonymous_7)
FN:171,(anonymous_8)
FN:190,(anonymous_9)
FN:208,(anonymous_10)
FN:218,(anonymous_11)
FN:236,(anonymous_12)
FN:250,(anonymous_13)
FN:261,(anonymous_14)
FN:276,(anonymous_15)
FN:277,(anonymous_16)
FN:292,(anonymous_17)
FN:322,(anonymous_18)
FN:326,(anonymous_19)
FN:344,dataNodeHeaderView
FNF:21
FNH:0
FNDA:0,nodeFactory
FNDA:0,(anonymous_1)
FNDA:0,(anonymous_2)
FNDA:0,(anonymous_3)
FNDA:0,(anonymous_4)
FNDA:0,(anonymous_5)
FNDA:0,(anonymous_6)
FNDA:0,(anonymous_7)
FNDA:0,(anonymous_8)
FNDA:0,(anonymous_9)
FNDA:0,(anonymous_10)
FNDA:0,(anonymous_11)
FNDA:0,(anonymous_12)
FNDA:0,(anonymous_13)
FNDA:0,(anonymous_14)
FNDA:0,(anonymous_15)
FNDA:0,(anonymous_16)
FNDA:0,(anonymous_17)
FNDA:0,(anonymous_18)
FNDA:0,(anonymous_19)
FNDA:0,dataNodeHeaderView
DA:1,1
DA:2,1
DA:12,0
DA:13,0
DA:16,0
DA:17,0
DA:20,0
DA:21,0
DA:24,0
DA:25,0
DA:28,0
DA:29,0
DA:32,0
DA:33,0
DA:36,0
DA:37,0
DA:40,0
DA:41,0
DA:44,0
DA:47,1
DA:65,0
DA:66,0
DA:67,0
DA:68,0
DA:72,1
DA:82,0
DA:86,1
DA:96,0
DA:100,1
DA:117,0
DA:118,0
DA:122,1
DA:134,0
DA:138,1
DA:150,0
DA:154,1
DA:166,0
DA:170,1
DA:182,0
DA:186,1
DA:202,0
DA:203,0
DA:207,1
DA:209,0
DA:210,0
DA:211,0
DA:213,0
DA:214,0
DA:216,0
DA:219,0
DA:226,0
DA:231,0
DA:247,0
DA:250,0
DA:254,0
DA:258,1
DA:272,0
DA:277,0
DA:278,0
DA:285,0
DA:289,1
DA:302,0
DA:316,1
DA:317,1
DA:323,0
DA:334,0
DA:344,1
DA:348,0
DA:349,0
DA:355,0
DA:356,0
DA:357,0
DA:358,0
DA:359,0
DA:363,0
DA:364,0
DA:367,0
DA:368,0
DA:371,0
DA:372,0
DA:375,0
DA:376,0
DA:379,0
DA:380,0
DA:383,0
LF:85
LH:17
BRDA:12,0,0,0
BRDA:16,1,0,0
BRDA:20,2,0,0
BRDA:24,3,0,0
BRDA:28,4,0,0
BRDA:32,5,0,0
BRDA:36,6,0,0
BRDA:40,7,0,0
BRDA:65,8,0,0
BRDA:65,8,1,0
BRDA:323,9,0,0
BRDA:323,9,1,0
BRDA:348,10,0,0
BRDA:356,11,0,0
BRDA:358,12,0,0
BRDA:363,13,0,0
BRDA:367,14,0,0
BRDA:371,15,0,0
BRDA:375,16,0,0
BRDA:379,17,0,0
BRF:20
BRH:0
end_of_record
